0 verbose cli /usr/bin/node /usr/bin/npm
1 info using npm@8.18.0
2 info using node@v18.8.0
3 timing npm:load:whichnode Completed in 0ms
4 timing config:load:defaults Completed in 1ms
5 timing config:load:file:/usr/lib/node_modules/npm/npmrc Completed in 0ms
6 timing config:load:builtin Completed in 1ms
7 timing config:load:cli Completed in 1ms
8 timing config:load:env Completed in 1ms
9 timing config:load:file:/home/zstreet/.local/.npmrc Completed in 0ms
10 timing config:load:project Completed in 3ms
11 timing config:load:file:/home/zstreet/.npmrc Completed in 1ms
12 timing config:load:user Completed in 1ms
13 timing config:load:file:/home/zstreet/.npm-global/etc/npmrc Completed in 0ms
14 timing config:load:global Completed in 0ms
15 timing config:load:validate Completed in 0ms
16 timing config:load:credentials Completed in 1ms
17 timing config:load:setEnvs Completed in 1ms
18 timing config:load Completed in 10ms
19 timing npm:load:configload Completed in 10ms
20 timing npm:load:mkdirpcache Completed in 2ms
21 timing npm:load:mkdirplogs Completed in 1ms
22 verbose title npm init
23 verbose argv "init" "--yes" "--scope" "mason"
24 timing npm:load:setTitle Completed in 0ms
25 timing config:load:flatten Completed in 2ms
26 timing npm:load:display Completed in 2ms
27 verbose logfile logs-max:10 dir:/home/zstreet/.npm/_logs
28 verbose logfile /home/zstreet/.npm/_logs/2022-10-29T17_15_08_769Z-debug-0.log
29 timing npm:load:logFile Completed in 3ms
30 timing npm:load:timers Completed in 0ms
31 timing npm:load:configScope Completed in 0ms
32 timing npm:load Completed in 21ms
33 timing config:load:flatten Completed in 1ms
34 silly logfile start cleaning logs, removing 1 files
35 silly logfile done cleaning log files
36 silly package data {
36 silly package data   name: '@mason/typescript-language-server',
36 silly package data   version: '1.0.0',
36 silly package data   description: '',
36 silly package data   main: 'index.js',
36 silly package data   scripts: { test: 'echo "Error: no test specified" && exit 1' },
36 silly package data   keywords: [],
36 silly package data   author: '',
36 silly package data   license: 'ISC'
36 silly package data }
37 info init written successfully
38 timing command:init Completed in 15ms
39 verbose exit 0
40 timing npm Completed in 118ms
41 info ok
