0 verbose cli /usr/bin/node /usr/bin/npm
1 info using npm@8.18.0
2 info using node@v18.8.0
3 timing npm:load:whichnode Completed in 0ms
4 timing config:load:defaults Completed in 1ms
5 timing config:load:file:/usr/lib/node_modules/npm/npmrc Completed in 1ms
6 timing config:load:builtin Completed in 1ms
7 timing config:load:cli Completed in 1ms
8 timing config:load:env Completed in 1ms
9 timing config:load:file:/home/zstreet/.local/share/nvim/mason/.packages/pyright/.npmrc Completed in 1ms
10 timing config:load:project Completed in 5ms
11 timing config:load:file:/home/zstreet/.npmrc Completed in 4ms
12 timing config:load:user Completed in 4ms
13 timing config:load:file:/home/zstreet/.npm-global/etc/npmrc Completed in 0ms
14 timing config:load:global Completed in 0ms
15 timing config:load:validate Completed in 0ms
16 timing config:load:credentials Completed in 1ms
17 timing config:load:setEnvs Completed in 1ms
18 timing config:load Completed in 15ms
19 timing npm:load:configload Completed in 15ms
20 timing npm:load:mkdirpcache Completed in 0ms
21 timing npm:load:mkdirplogs Completed in 0ms
22 verbose title npm install pyright
23 verbose argv "install" "pyright"
24 timing npm:load:setTitle Completed in 0ms
25 timing config:load:flatten Completed in 2ms
26 timing npm:load:display Completed in 2ms
27 verbose logfile logs-max:10 dir:/home/zstreet/.npm/_logs
28 verbose logfile /home/zstreet/.npm/_logs/2022-10-29T17_15_09_306Z-debug-0.log
29 timing npm:load:logFile Completed in 4ms
30 timing npm:load:timers Completed in 0ms
31 timing npm:load:configScope Completed in 0ms
32 timing npm:load Completed in 23ms
33 timing arborist:ctor Completed in 1ms
34 silly logfile start cleaning logs, removing 1 files
35 silly logfile done cleaning log files
36 timing arborist:ctor Completed in 0ms
37 timing idealTree:init Completed in 7ms
38 timing idealTree:userRequests Completed in 2ms
39 silly idealTree buildDeps
40 silly fetch manifest pyright@*
41 http fetch GET 200 https://registry.npmjs.org/pyright 306ms (cache updated)
42 silly placeDep ROOT pyright@1.1.277 OK for: @mason/pyright@1.0.0 want: *
43 timing idealTree:#root Completed in 318ms
44 timing idealTree:node_modules/pyright Completed in 0ms
45 timing idealTree:buildDeps Completed in 319ms
46 timing idealTree:fixDepFlags Completed in 0ms
47 timing idealTree Completed in 329ms
48 timing reify:loadTrees Completed in 329ms
49 timing reify:diffTrees Completed in 1ms
50 silly reify moves {}
51 timing reify:retireShallow Completed in 0ms
52 timing reify:createSparse Completed in 0ms
53 timing reify:loadBundles Completed in 0ms
54 silly audit bulk request { pyright: [ '1.1.277' ] }
55 silly tarball no local data for pyright@https://registry.npmjs.org/pyright/-/pyright-1.1.277.tgz. Extracting by manifest.
56 http fetch POST 200 https://registry.npmjs.org/-/npm/v1/security/advisories/bulk 134ms
57 timing auditReport:getReport Completed in 135ms
58 silly audit report {}
59 timing auditReport:init Completed in 0ms
60 timing reify:audit Completed in 135ms
61 http fetch GET 200 https://registry.npmjs.org/pyright/-/pyright-1.1.277.tgz 1142ms (cache miss)
62 timing reifyNode:node_modules/pyright Completed in 1148ms
63 timing reify:unpack Completed in 1149ms
64 timing reify:unretire Completed in 0ms
65 timing build:queue Completed in 0ms
66 timing build:link:node_modules/pyright Completed in 1ms
67 timing build:link Completed in 1ms
68 timing build:deps Completed in 2ms
69 timing build Completed in 2ms
70 timing reify:build Completed in 2ms
71 timing reify:trash Completed in 0ms
72 timing reify:save Completed in 4ms
73 timing reify Completed in 1496ms
74 silly ADD node_modules/pyright
75 timing command:install Completed in 1499ms
76 verbose exit 0
77 timing npm Completed in 1604ms
78 info ok
