0 verbose cli /usr/bin/node /usr/bin/npm
1 info using npm@8.18.0
2 info using node@v18.8.0
3 timing npm:load:whichnode Completed in 0ms
4 timing config:load:defaults Completed in 1ms
5 timing config:load:file:/usr/lib/node_modules/npm/npmrc Completed in 1ms
6 timing config:load:builtin Completed in 1ms
7 timing config:load:cli Completed in 1ms
8 timing config:load:env Completed in 0ms
9 timing config:load:file:/home/zstreet/.local/share/lunarvim/site/pack/packer/start/lab.nvim/js/.npmrc Completed in 0ms
10 timing config:load:project Completed in 8ms
11 timing config:load:file:/home/zstreet/.npmrc Completed in 0ms
12 timing config:load:user Completed in 0ms
13 timing config:load:file:/home/zstreet/.npm-global/etc/npmrc Completed in 0ms
14 timing config:load:global Completed in 0ms
15 timing config:load:validate Completed in 1ms
16 timing config:load:credentials Completed in 0ms
17 timing config:load:setEnvs Completed in 1ms
18 timing config:load Completed in 16ms
19 timing npm:load:configload Completed in 16ms
20 timing npm:load:mkdirpcache Completed in 1ms
21 timing npm:load:mkdirplogs Completed in 0ms
22 verbose title npm ci
23 verbose argv "ci"
24 timing npm:load:setTitle Completed in 1ms
25 timing config:load:flatten Completed in 2ms
26 timing npm:load:display Completed in 3ms
27 verbose logfile logs-max:10 dir:/home/zstreet/.npm/_logs
28 verbose logfile /home/zstreet/.npm/_logs/2022-11-05T18_13_34_569Z-debug-0.log
29 timing npm:load:logFile Completed in 3ms
30 timing npm:load:timers Completed in 0ms
31 timing npm:load:configScope Completed in 1ms
32 timing npm:load Completed in 25ms
33 timing arborist:ctor Completed in 0ms
34 silly logfile start cleaning logs, removing 1 files
35 silly logfile done cleaning log files
36 timing idealTree:init Completed in 4ms
37 timing idealTree:userRequests Completed in 0ms
38 silly idealTree buildDeps
39 timing idealTree:#root Completed in 0ms
40 timing idealTree:buildDeps Completed in 1ms
41 timing idealTree:fixDepFlags Completed in 0ms
42 timing idealTree Completed in 9ms
43 timing npm-ci:rm Completed in 0ms
44 timing reify:loadTrees Completed in 37ms
45 timing reify:diffTrees Completed in 3ms
46 silly reify moves {}
47 timing reify:retireShallow Completed in 0ms
48 timing reify:createSparse Completed in 31ms
49 timing reify:loadBundles Completed in 0ms
50 silly audit bulk request {
50 silly audit   '@esbuild/linux-loong64': [ '0.15.4' ],
50 silly audit   '@eslint/eslintrc': [ '1.3.0' ],
50 silly audit   '@faker-js/faker': [ '7.3.0' ],
50 silly audit   '@humanwhocodes/config-array': [ '0.10.4' ],
50 silly audit   '@humanwhocodes/gitignore-to-minimatch': [ '1.0.2' ],
50 silly audit   '@humanwhocodes/object-schema': [ '1.2.1' ],
50 silly audit   '@nodelib/fs.scandir': [ '2.1.5' ],
50 silly audit   '@nodelib/fs.stat': [ '2.0.5' ],
50 silly audit   '@nodelib/fs.walk': [ '1.2.8' ],
50 silly audit   '@types/json-schema': [ '7.0.11' ],
50 silly audit   '@types/json5': [ '0.0.29' ],
50 silly audit   '@types/node': [ '18.7.5' ],
50 silly audit   '@types/ws': [ '8.5.3' ],
50 silly audit   '@typescript-eslint/eslint-plugin': [ '5.33.1' ],
50 silly audit   '@typescript-eslint/parser': [ '5.33.1' ],
50 silly audit   '@typescript-eslint/scope-manager': [ '5.33.1' ],
50 silly audit   '@typescript-eslint/type-utils': [ '5.33.1' ],
50 silly audit   '@typescript-eslint/types': [ '5.33.1' ],
50 silly audit   '@typescript-eslint/typescript-estree': [ '5.33.1' ],
50 silly audit   '@typescript-eslint/utils': [ '5.33.1' ],
50 silly audit   'eslint-scope': [ '5.1.1', '7.1.1' ],
50 silly audit   estraverse: [ '4.3.0', '5.3.0' ],
50 silly audit   '@typescript-eslint/visitor-keys': [ '5.33.1' ],
50 silly audit   acorn: [ '8.8.0' ],
50 silly audit   'acorn-jsx': [ '5.3.2' ],
50 silly audit   ajv: [ '6.12.6' ],
50 silly audit   'ansi-regex': [ '5.0.1' ],
50 silly audit   'ansi-styles': [ '4.3.0' ],
50 silly audit   anymatch: [ '3.1.2' ],
50 silly audit   argparse: [ '2.0.1' ],
50 silly audit   'array-includes': [ '3.1.5' ],
50 silly audit   'array-union': [ '2.1.0' ],
50 silly audit   'array.prototype.flat': [ '1.3.0' ],
50 silly audit   'balanced-match': [ '1.0.2' ],
50 silly audit   'binary-extensions': [ '2.2.0' ],
50 silly audit   'brace-expansion': [ '1.1.11' ],
50 silly audit   braces: [ '3.0.2' ],
50 silly audit   builtins: [ '5.0.1' ],
50 silly audit   'call-bind': [ '1.0.2' ],
50 silly audit   callsites: [ '3.1.0' ],
50 silly audit   chalk: [ '4.1.2' ],
50 silly audit   chokidar: [ '3.5.3' ],
50 silly audit   'glob-parent': [ '5.1.2', '6.0.2' ],
50 silly audit   'color-convert': [ '2.0.1' ],
50 silly audit   'color-name': [ '1.1.4' ],
50 silly audit   commander: [ '9.4.0' ],
50 silly audit   'concat-map': [ '0.0.1' ],
50 silly audit   'cross-spawn': [ '7.0.3' ],
50 silly audit   debug: [ '4.3.4', '3.2.7', '2.6.9' ],
50 silly audit   'deep-is': [ '0.1.4' ],
50 silly audit   'define-properties': [ '1.1.4' ],
50 silly audit   'dir-glob': [ '3.0.1' ],
50 silly audit   doctrine: [ '3.0.0', '2.1.0' ],
50 silly audit   'es-abstract': [ '1.20.1' ],
50 silly audit   'es-shim-unscopables': [ '1.0.0' ],
50 silly audit   'es-to-primitive': [ '1.2.1' ],
50 silly audit   esbuild: [ '0.15.4' ],
50 silly audit   'esbuild-android-64': [ '0.15.4' ],
50 silly audit   'esbuild-android-arm64': [ '0.15.4' ],
50 silly audit   'esbuild-darwin-64': [ '0.15.4' ],
50 silly audit   'esbuild-darwin-arm64': [ '0.15.4' ],
50 silly audit   'esbuild-freebsd-64': [ '0.15.4' ],
50 silly audit   'esbuild-freebsd-arm64': [ '0.15.4' ],
50 silly audit   'esbuild-linux-32': [ '0.15.4' ],
50 silly audit   'esbuild-linux-64': [ '0.15.4' ],
50 silly audit   'esbuild-linux-arm': [ '0.15.4' ],
50 silly audit   'esbuild-linux-arm64': [ '0.15.4' ],
50 silly audit   'esbuild-linux-mips64le': [ '0.15.4' ],
50 silly audit   'esbuild-linux-ppc64le': [ '0.15.4' ],
50 silly audit   'esbuild-linux-riscv64': [ '0.15.4' ],
50 silly audit   'esbuild-linux-s390x': [ '0.15.4' ],
50 silly audit   'esbuild-netbsd-64': [ '0.15.4' ],
50 silly audit   'esbuild-openbsd-64': [ '0.15.4' ],
50 silly audit   'esbuild-sunos-64': [ '0.15.4' ],
50 silly audit   'esbuild-windows-32': [ '0.15.4' ],
50 silly audit   'esbuild-windows-64': [ '0.15.4' ],
50 silly audit   'esbuild-windows-arm64': [ '0.15.4' ],
50 silly audit   'escape-string-regexp': [ '4.0.0' ],
50 silly audit   eslint: [ '8.22.0' ],
50 silly audit   'eslint-config-standard': [ '17.0.0' ],
50 silly audit   'eslint-config-standard-with-typescript': [ '22.0.0' ],
50 silly audit   'eslint-import-resolver-node': [ '0.3.6' ],
50 silly audit   'eslint-module-utils': [ '2.7.4' ],
50 silly audit   'eslint-plugin-es': [ '4.1.0' ],
50 silly audit   'eslint-utils': [ '2.1.0', '3.0.0' ],
50 silly audit   'eslint-visitor-keys': [ '1.3.0', '2.1.0', '3.3.0' ],
50 silly audit   'eslint-plugin-import': [ '2.26.0' ],
50 silly audit   ms: [ '2.0.0', '2.1.2' ],
50 silly audit   'eslint-plugin-n': [ '15.2.4' ],
50 silly audit   'eslint-plugin-promise': [ '6.0.0' ],
50 silly audit   espree: [ '9.3.3' ],
50 silly audit   esquery: [ '1.4.0' ],
50 silly audit   esrecurse: [ '4.3.0' ],
50 silly audit   esutils: [ '2.0.3' ],
50 silly audit   'fast-deep-equal': [ '3.1.3' ],
50 silly audit   'fast-glob': [ '3.2.11' ],
50 silly audit   'fast-json-stable-stringify': [ '2.1.0' ],
50 silly audit   'fast-levenshtein': [ '2.0.6' ],
50 silly audit   fastq: [ '1.13.0' ],
50 silly audit   'file-entry-cache': [ '6.0.1' ],
50 silly audit   'fill-range': [ '7.0.1' ],
50 silly audit   'find-up': [ '5.0.0' ],
50 silly audit   'flat-cache': [ '3.0.4' ],
50 silly audit   flatted: [ '3.2.6' ],
50 silly audit   'fs.realpath': [ '1.0.0' ],
50 silly audit   fsevents: [ '2.3.2' ],
50 silly audit   'function-bind': [ '1.1.1' ],
50 silly audit   'function.prototype.name': [ '1.1.5' ],
50 silly audit   'functional-red-black-tree': [ '1.0.1' ],
50 silly audit   'functions-have-names': [ '1.2.3' ],
50 silly audit   'get-intrinsic': [ '1.1.2' ],
50 silly audit   'get-symbol-description': [ '1.0.0' ],
50 silly audit   glob: [ '7.2.3' ],
50 silly audit   globals: [ '13.16.0' ],
50 silly audit   globby: [ '11.1.0' ],
50 silly audit   'grapheme-splitter': [ '1.0.4' ],
50 silly audit   has: [ '1.0.3' ],
50 silly audit   'has-bigints': [ '1.0.2' ],
50 silly audit   'has-flag': [ '4.0.0' ],
50 silly audit   'has-property-descriptors': [ '1.0.0' ],
50 silly audit   'has-symbols': [ '1.0.3' ],
50 silly audit   'has-tostringtag': [ '1.0.0' ],
50 silly audit   ignore: [ '5.2.0' ],
50 silly audit   'import-fresh': [ '3.3.0' ],
50 silly audit   imurmurhash: [ '0.1.4' ],
50 silly audit   inflight: [ '1.0.6' ],
50 silly audit   inherits: [ '2.0.4' ],
50 silly audit   'internal-slot': [ '1.0.3' ],
50 silly audit   'is-bigint': [ '1.0.4' ],
50 silly audit   'is-binary-path': [ '2.1.0' ],
50 silly audit   'is-boolean-object': [ '1.1.2' ],
50 silly audit   'is-callable': [ '1.2.4' ],
50 silly audit   'is-core-module': [ '2.10.0' ],
50 silly audit   'is-date-object': [ '1.0.5' ],
50 silly audit   'is-extglob': [ '2.1.1' ],
50 silly audit   'is-glob': [ '4.0.3' ],
50 silly audit   'is-negative-zero': [ '2.0.2' ],
50 silly audit   'is-number': [ '7.0.0' ],
50 silly audit   'is-number-object': [ '1.0.7' ],
50 silly audit   'is-regex': [ '1.1.4' ],
50 silly audit   'is-shared-array-buffer': [ '1.0.2' ],
50 silly audit   'is-string': [ '1.0.7' ],
50 silly audit   'is-symbol': [ '1.0.4' ],
50 silly audit   'is-weakref': [ '1.0.2' ],
50 silly audit   isexe: [ '2.0.0' ],
50 silly audit   'js-yaml': [ '4.1.0' ],
50 silly audit   'json-schema-traverse': [ '0.4.1' ],
50 silly audit   'json-stable-stringify-without-jsonify': [ '1.0.1' ],
50 silly audit   json5: [ '1.0.1' ],
50 silly audit   'jsonrpc-lite': [ '2.2.0' ],
50 silly audit   levn: [ '0.4.1' ],
50 silly audit   'locate-path': [ '6.0.0' ],
50 silly audit   lodash: [ '4.17.21' ],
50 silly audit   'lodash.merge': [ '4.6.2' ],
50 silly audit   'lru-cache': [ '6.0.0' ],
50 silly audit   merge2: [ '1.4.1' ],
50 silly audit   micromatch: [ '4.0.5' ],
50 silly audit   minimatch: [ '3.1.2' ],
50 silly audit   minimist: [ '1.2.6' ],
50 silly audit   moment: [ '2.29.4' ],
50 silly audit   mylas: [ '2.1.11' ],
50 silly audit   'natural-compare': [ '1.4.0' ],
50 silly audit   'normalize-path': [ '3.0.0' ],
50 silly audit   'object-inspect': [ '1.12.2' ],
50 silly audit   'object-keys': [ '1.1.1' ],
50 silly audit   'object.assign': [ '4.1.4' ],
50 silly audit   'object.values': [ '1.1.5' ],
50 silly audit   once: [ '1.4.0' ],
50 silly audit   optionator: [ '0.9.1' ],
50 silly audit   'p-limit': [ '3.1.0' ],
50 silly audit   'p-locate': [ '5.0.0' ],
50 silly audit   'parent-module': [ '1.0.1' ],
50 silly audit   'path-exists': [ '4.0.0' ],
50 silly audit   'path-is-absolute': [ '1.0.1' ],
50 silly audit   'path-key': [ '3.1.1' ],
50 silly audit   'path-parse': [ '1.0.7' ],
50 silly audit   'path-type': [ '4.0.0' ],
50 silly audit   picomatch: [ '2.3.1' ],
50 silly audit   'plimit-lit': [ '1.3.0' ],
50 silly audit   'prelude-ls': [ '1.2.1' ],
50 silly audit   punycode: [ '2.1.1' ],
50 silly audit   'queue-lit': [ '1.3.0' ],
50 silly audit   'queue-microtask': [ '1.2.3' ],
50 silly audit   readdirp: [ '3.6.0' ],
50 silly audit   'regexp.prototype.flags': [ '1.4.3' ],
50 silly audit   regexpp: [ '3.2.0' ],
50 silly audit   resolve: [ '1.22.1' ],
50 silly audit   'resolve-from': [ '4.0.0' ],
50 silly audit   reusify: [ '1.0.4' ],
50 silly audit   rimraf: [ '3.0.2' ],
50 silly audit   'run-parallel': [ '1.2.0' ],
50 silly audit   semver: [ '7.3.7' ],
50 silly audit   'shebang-command': [ '2.0.0' ],
50 silly audit   'shebang-regex': [ '3.0.0' ],
50 silly audit   'side-channel': [ '1.0.4' ],
50 silly audit   'simple-node-logger': [ '21.8.12' ],
50 silly audit   slash: [ '3.0.0' ],
50 silly audit   'sourcemap-codec': [ '1.4.8' ],
50 silly audit   'string.prototype.trimend': [ '1.0.5' ],
50 silly audit   'string.prototype.trimstart': [ '1.0.5' ],
50 silly audit   'strip-ansi': [ '6.0.1' ],
50 silly audit   'strip-bom': [ '3.0.0' ],
50 silly audit   'strip-json-comments': [ '3.1.1' ],
50 silly audit   'supports-color': [ '7.2.0' ],
50 silly audit   'supports-preserve-symlinks-flag': [ '1.0.0' ],
50 silly audit   'text-table': [ '0.2.0' ],
50 silly audit   'to-regex-range': [ '5.0.1' ],
50 silly audit   'tsc-alias': [ '1.7.0' ],
50 silly audit   'tsconfig-paths': [ '3.14.1' ],
50 silly audit   tslib: [ '1.14.1' ],
50 silly audit   tsutils: [ '3.21.0' ],
50 silly audit   'type-check': [ '0.4.0' ],
50 silly audit   'type-fest': [ '0.20.2' ],
50 silly audit   typescript: [ '4.7.4' ],
50 silly audit   'unbox-primitive': [ '1.0.2' ],
50 silly audit   'uri-js': [ '4.4.1' ],
50 silly audit   'v8-compile-cache': [ '2.3.0' ],
50 silly audit   which: [ '2.0.2' ],
50 silly audit   'which-boxed-primitive': [ '1.0.2' ],
50 silly audit   'word-wrap': [ '1.2.3' ],
50 silly audit   wrappy: [ '1.0.2' ],
50 silly audit   ws: [ '8.8.0' ],
50 silly audit   yallist: [ '4.0.0' ],
50 silly audit   'yocto-queue': [ '0.1.0' ]
50 silly audit }
51 verbose reify failed optional dependency /home/zstreet/.local/share/lunarvim/site/pack/packer/start/lab.nvim/js/node_modules/fsevents
52 silly reify mark deleted [
52 silly reify   '/home/zstreet/.local/share/lunarvim/site/pack/packer/start/lab.nvim/js/node_modules/fsevents'
52 silly reify ]
53 verbose reify failed optional dependency /home/zstreet/.local/share/lunarvim/site/pack/packer/start/lab.nvim/js/node_modules/esbuild-windows-arm64
54 silly reify mark deleted [
54 silly reify   '/home/zstreet/.local/share/lunarvim/site/pack/packer/start/lab.nvim/js/node_modules/esbuild-windows-arm64'
54 silly reify ]
55 verbose reify failed optional dependency /home/zstreet/.local/share/lunarvim/site/pack/packer/start/lab.nvim/js/node_modules/esbuild-windows-64
56 silly reify mark deleted [
56 silly reify   '/home/zstreet/.local/share/lunarvim/site/pack/packer/start/lab.nvim/js/node_modules/esbuild-windows-64'
56 silly reify ]
57 verbose reify failed optional dependency /home/zstreet/.local/share/lunarvim/site/pack/packer/start/lab.nvim/js/node_modules/esbuild-windows-32
58 silly reify mark deleted [
58 silly reify   '/home/zstreet/.local/share/lunarvim/site/pack/packer/start/lab.nvim/js/node_modules/esbuild-windows-32'
58 silly reify ]
59 verbose reify failed optional dependency /home/zstreet/.local/share/lunarvim/site/pack/packer/start/lab.nvim/js/node_modules/esbuild-sunos-64
60 silly reify mark deleted [
60 silly reify   '/home/zstreet/.local/share/lunarvim/site/pack/packer/start/lab.nvim/js/node_modules/esbuild-sunos-64'
60 silly reify ]
61 verbose reify failed optional dependency /home/zstreet/.local/share/lunarvim/site/pack/packer/start/lab.nvim/js/node_modules/esbuild-openbsd-64
62 silly reify mark deleted [
62 silly reify   '/home/zstreet/.local/share/lunarvim/site/pack/packer/start/lab.nvim/js/node_modules/esbuild-openbsd-64'
62 silly reify ]
63 verbose reify failed optional dependency /home/zstreet/.local/share/lunarvim/site/pack/packer/start/lab.nvim/js/node_modules/esbuild-netbsd-64
64 silly reify mark deleted [
64 silly reify   '/home/zstreet/.local/share/lunarvim/site/pack/packer/start/lab.nvim/js/node_modules/esbuild-netbsd-64'
64 silly reify ]
65 verbose reify failed optional dependency /home/zstreet/.local/share/lunarvim/site/pack/packer/start/lab.nvim/js/node_modules/esbuild-linux-s390x
66 silly reify mark deleted [
66 silly reify   '/home/zstreet/.local/share/lunarvim/site/pack/packer/start/lab.nvim/js/node_modules/esbuild-linux-s390x'
66 silly reify ]
67 verbose reify failed optional dependency /home/zstreet/.local/share/lunarvim/site/pack/packer/start/lab.nvim/js/node_modules/esbuild-linux-riscv64
68 silly reify mark deleted [
68 silly reify   '/home/zstreet/.local/share/lunarvim/site/pack/packer/start/lab.nvim/js/node_modules/esbuild-linux-riscv64'
68 silly reify ]
69 verbose reify failed optional dependency /home/zstreet/.local/share/lunarvim/site/pack/packer/start/lab.nvim/js/node_modules/esbuild-linux-ppc64le
70 silly reify mark deleted [
70 silly reify   '/home/zstreet/.local/share/lunarvim/site/pack/packer/start/lab.nvim/js/node_modules/esbuild-linux-ppc64le'
70 silly reify ]
71 verbose reify failed optional dependency /home/zstreet/.local/share/lunarvim/site/pack/packer/start/lab.nvim/js/node_modules/esbuild-linux-mips64le
72 silly reify mark deleted [
72 silly reify   '/home/zstreet/.local/share/lunarvim/site/pack/packer/start/lab.nvim/js/node_modules/esbuild-linux-mips64le'
72 silly reify ]
73 verbose reify failed optional dependency /home/zstreet/.local/share/lunarvim/site/pack/packer/start/lab.nvim/js/node_modules/esbuild-linux-arm64
74 silly reify mark deleted [
74 silly reify   '/home/zstreet/.local/share/lunarvim/site/pack/packer/start/lab.nvim/js/node_modules/esbuild-linux-arm64'
74 silly reify ]
75 verbose reify failed optional dependency /home/zstreet/.local/share/lunarvim/site/pack/packer/start/lab.nvim/js/node_modules/esbuild-linux-arm
76 silly reify mark deleted [
76 silly reify   '/home/zstreet/.local/share/lunarvim/site/pack/packer/start/lab.nvim/js/node_modules/esbuild-linux-arm'
76 silly reify ]
77 verbose reify failed optional dependency /home/zstreet/.local/share/lunarvim/site/pack/packer/start/lab.nvim/js/node_modules/esbuild-linux-32
78 silly reify mark deleted [
78 silly reify   '/home/zstreet/.local/share/lunarvim/site/pack/packer/start/lab.nvim/js/node_modules/esbuild-linux-32'
78 silly reify ]
79 verbose reify failed optional dependency /home/zstreet/.local/share/lunarvim/site/pack/packer/start/lab.nvim/js/node_modules/esbuild-freebsd-arm64
80 silly reify mark deleted [
80 silly reify   '/home/zstreet/.local/share/lunarvim/site/pack/packer/start/lab.nvim/js/node_modules/esbuild-freebsd-arm64'
80 silly reify ]
81 verbose reify failed optional dependency /home/zstreet/.local/share/lunarvim/site/pack/packer/start/lab.nvim/js/node_modules/esbuild-freebsd-64
82 silly reify mark deleted [
82 silly reify   '/home/zstreet/.local/share/lunarvim/site/pack/packer/start/lab.nvim/js/node_modules/esbuild-freebsd-64'
82 silly reify ]
83 verbose reify failed optional dependency /home/zstreet/.local/share/lunarvim/site/pack/packer/start/lab.nvim/js/node_modules/esbuild-darwin-arm64
84 silly reify mark deleted [
84 silly reify   '/home/zstreet/.local/share/lunarvim/site/pack/packer/start/lab.nvim/js/node_modules/esbuild-darwin-arm64'
84 silly reify ]
85 verbose reify failed optional dependency /home/zstreet/.local/share/lunarvim/site/pack/packer/start/lab.nvim/js/node_modules/esbuild-darwin-64
86 silly reify mark deleted [
86 silly reify   '/home/zstreet/.local/share/lunarvim/site/pack/packer/start/lab.nvim/js/node_modules/esbuild-darwin-64'
86 silly reify ]
87 verbose reify failed optional dependency /home/zstreet/.local/share/lunarvim/site/pack/packer/start/lab.nvim/js/node_modules/esbuild-android-arm64
88 silly reify mark deleted [
88 silly reify   '/home/zstreet/.local/share/lunarvim/site/pack/packer/start/lab.nvim/js/node_modules/esbuild-android-arm64'
88 silly reify ]
89 verbose reify failed optional dependency /home/zstreet/.local/share/lunarvim/site/pack/packer/start/lab.nvim/js/node_modules/esbuild-android-64
90 silly reify mark deleted [
90 silly reify   '/home/zstreet/.local/share/lunarvim/site/pack/packer/start/lab.nvim/js/node_modules/esbuild-android-64'
90 silly reify ]
91 verbose reify failed optional dependency /home/zstreet/.local/share/lunarvim/site/pack/packer/start/lab.nvim/js/node_modules/@esbuild/linux-loong64
92 silly reify mark deleted [
92 silly reify   '/home/zstreet/.local/share/lunarvim/site/pack/packer/start/lab.nvim/js/node_modules/@esbuild/linux-loong64'
92 silly reify ]
93 timing reifyNode:node_modules/fsevents Completed in 42ms
94 timing reifyNode:node_modules/esbuild-windows-arm64 Completed in 41ms
95 timing reifyNode:node_modules/esbuild-windows-64 Completed in 40ms
96 timing reifyNode:node_modules/esbuild-windows-32 Completed in 40ms
97 timing reifyNode:node_modules/esbuild-sunos-64 Completed in 40ms
98 timing reifyNode:node_modules/esbuild-openbsd-64 Completed in 41ms
99 timing reifyNode:node_modules/esbuild-netbsd-64 Completed in 41ms
100 timing reifyNode:node_modules/esbuild-linux-s390x Completed in 41ms
101 timing reifyNode:node_modules/esbuild-linux-riscv64 Completed in 41ms
102 timing reifyNode:node_modules/esbuild-linux-ppc64le Completed in 41ms
103 timing reifyNode:node_modules/esbuild-linux-mips64le Completed in 41ms
104 timing reifyNode:node_modules/esbuild-linux-arm64 Completed in 41ms
105 timing reifyNode:node_modules/esbuild-linux-arm Completed in 41ms
106 timing reifyNode:node_modules/esbuild-linux-32 Completed in 41ms
107 timing reifyNode:node_modules/esbuild-freebsd-arm64 Completed in 41ms
108 timing reifyNode:node_modules/esbuild-freebsd-64 Completed in 41ms
109 timing reifyNode:node_modules/esbuild-darwin-arm64 Completed in 41ms
110 timing reifyNode:node_modules/esbuild-darwin-64 Completed in 41ms
111 timing reifyNode:node_modules/esbuild-android-arm64 Completed in 41ms
112 timing reifyNode:node_modules/esbuild-android-64 Completed in 41ms
113 timing reifyNode:node_modules/@esbuild/linux-loong64 Completed in 41ms
114 timing reifyNode:node_modules/natural-compare Completed in 896ms
115 timing reifyNode:node_modules/wrappy Completed in 908ms
116 timing reifyNode:node_modules/strip-bom Completed in 908ms
117 timing reifyNode:node_modules/shebang-command Completed in 909ms
118 timing reifyNode:node_modules/run-parallel Completed in 908ms
119 timing reifyNode:node_modules/resolve-from Completed in 908ms
120 timing reifyNode:node_modules/path-parse Completed in 909ms
121 timing reifyNode:node_modules/path-is-absolute Completed in 909ms
122 timing reifyNode:node_modules/parent-module Completed in 909ms
123 timing reifyNode:node_modules/once Completed in 909ms
124 timing reifyNode:node_modules/normalize-path Completed in 910ms
125 timing reifyNode:node_modules/ms Completed in 909ms
126 timing reifyNode:node_modules/merge2 Completed in 909ms
127 timing reifyNode:node_modules/is-number Completed in 910ms
128 timing reifyNode:node_modules/is-extglob Completed in 910ms
129 timing reifyNode:node_modules/imurmurhash Completed in 910ms
130 timing reifyNode:node_modules/inflight Completed in 910ms
131 timing reifyNode:node_modules/glob-parent Completed in 911ms
132 timing reifyNode:node_modules/fast-levenshtein Completed in 910ms
133 timing reifyNode:node_modules/eslint-import-resolver-node Completed in 912ms
134 timing reifyNode:node_modules/dir-glob Completed in 912ms
135 timing reifyNode:node_modules/color-name Completed in 912ms
136 timing reifyNode:node_modules/builtins Completed in 913ms
137 timing reifyNode:node_modules/brace-expansion Completed in 913ms
138 timing reifyNode:node_modules/@types/json5 Completed in 913ms
139 timing reifyNode:node_modules/eslint-plugin-import/node_modules/ms Completed in 915ms
140 timing reifyNode:node_modules/yocto-queue Completed in 921ms
141 timing reifyNode:node_modules/word-wrap Completed in 922ms
142 timing reifyNode:node_modules/supports-color Completed in 921ms
143 timing reifyNode:node_modules/to-regex-range Completed in 921ms
144 timing reifyNode:node_modules/strip-json-comments Completed in 922ms
145 timing reifyNode:node_modules/strip-ansi Completed in 922ms
146 timing reifyNode:node_modules/slash Completed in 922ms
147 timing reifyNode:node_modules/shebang-regex Completed in 922ms
148 timing reifyNode:node_modules/queue-microtask Completed in 922ms
149 timing reifyNode:node_modules/path-type Completed in 922ms
150 timing reifyNode:node_modules/path-key Completed in 922ms
151 timing reifyNode:node_modules/p-locate Completed in 922ms
152 timing reifyNode:node_modules/path-exists Completed in 922ms
153 timing reifyNode:node_modules/p-limit Completed in 923ms
154 timing reifyNode:node_modules/lru-cache Completed in 922ms
155 timing reifyNode:node_modules/locate-path Completed in 922ms
156 timing reifyNode:node_modules/is-glob Completed in 923ms
157 timing reifyNode:node_modules/is-binary-path Completed in 924ms
158 timing reifyNode:node_modules/inherits Completed in 923ms
159 timing reifyNode:node_modules/import-fresh Completed in 923ms
160 timing reifyNode:node_modules/has-flag Completed in 924ms
161 timing reifyNode:node_modules/find-up Completed in 923ms
162 timing reifyNode:node_modules/fill-range Completed in 923ms
163 timing reifyNode:node_modules/escape-string-regexp Completed in 925ms
164 timing reifyNode:node_modules/callsites Completed in 925ms
165 timing reifyNode:node_modules/array-union Completed in 925ms
166 timing reifyNode:node_modules/anymatch Completed in 925ms
167 timing reifyNode:node_modules/ansi-regex Completed in 924ms
168 timing reifyNode:node_modules/fast-glob/node_modules/glob-parent Completed in 928ms
169 timing reifyNode:node_modules/chokidar/node_modules/glob-parent Completed in 927ms
170 timing reifyNode:node_modules/yallist Completed in 933ms
171 timing reifyNode:node_modules/micromatch Completed in 933ms
172 timing reifyNode:node_modules/fs.realpath Completed in 934ms
173 timing reifyNode:node_modules/esrecurse Completed in 935ms
174 timing reifyNode:node_modules/eslint-config-standard Completed in 936ms
175 timing reifyNode:node_modules/balanced-match Completed in 936ms
176 timing reifyNode:node_modules/ansi-styles Completed in 936ms
177 timing reifyNode:node_modules/@types/json-schema Completed in 936ms
178 timing reifyNode:node_modules/which Completed in 944ms
179 timing reifyNode:node_modules/v8-compile-cache Completed in 944ms
180 timing reifyNode:node_modules/readdirp Completed in 943ms
181 timing reifyNode:node_modules/queue-lit Completed in 943ms
182 timing reifyNode:node_modules/minimatch Completed in 943ms
183 timing reifyNode:node_modules/has Completed in 943ms
184 timing reifyNode:node_modules/file-entry-cache Completed in 943ms
185 timing reifyNode:node_modules/eslint-config-standard-with-typescript Completed in 944ms
186 timing reifyNode:node_modules/binary-extensions Completed in 945ms
187 timing reifyNode:node_modules/@types/ws Completed in 945ms
188 timing reifyNode:node_modules/type-check Completed in 952ms
189 timing reifyNode:node_modules/rimraf Completed in 952ms
190 timing reifyNode:node_modules/punycode Completed in 952ms
191 timing reifyNode:node_modules/plimit-lit Completed in 952ms
192 timing reifyNode:node_modules/lodash.merge Completed in 952ms
193 timing reifyNode:node_modules/acorn-jsx Completed in 954ms
194 timing reifyNode:node_modules/@humanwhocodes/config-array Completed in 955ms
195 timing reifyNode:node_modules/mylas Completed in 963ms
196 timing reifyNode:node_modules/levn Completed in 963ms
197 timing reifyNode:node_modules/globby Completed in 964ms
198 timing reifyNode:node_modules/debug Completed in 969ms
199 timing reifyNode:node_modules/concat-map Completed in 969ms
200 timing reifyNode:node_modules/color-convert Completed in 969ms
201 timing reifyNode:node_modules/@humanwhocodes/gitignore-to-minimatch Completed in 969ms
202 timing reifyNode:node_modules/eslint-utils/node_modules/eslint-visitor-keys Completed in 971ms
203 timing reifyNode:node_modules/eslint-plugin-es/node_modules/eslint-visitor-keys Completed in 972ms
204 timing reifyNode:node_modules/isexe Completed in 976ms
205 timing reifyNode:node_modules/globals Completed in 976ms
206 http fetch POST 200 https://registry.npmjs.org/-/npm/v1/security/advisories/bulk 983ms
207 timing auditReport:getReport Completed in 989ms
208 silly audit report {}
209 timing auditReport:init Completed in 0ms
210 timing reify:audit Completed in 990ms
211 timing reifyNode:node_modules/estraverse Completed in 979ms
212 timing reifyNode:node_modules/define-properties Completed in 978ms
213 timing reifyNode:node_modules/@typescript-eslint/utils/node_modules/estraverse Completed in 979ms
214 timing reifyNode:node_modules/reusify Completed in 985ms
215 timing reifyNode:node_modules/optionator Completed in 986ms
216 timing reifyNode:node_modules/has-property-descriptors Completed in 985ms
217 timing reifyNode:node_modules/has-bigints Completed in 985ms
218 timing reifyNode:node_modules/glob Completed in 985ms
219 timing reifyNode:node_modules/functional-red-black-tree Completed in 985ms
220 timing reifyNode:node_modules/flat-cache Completed in 986ms
221 timing reifyNode:node_modules/deep-is Completed in 990ms
222 timing reifyNode:node_modules/chalk Completed in 990ms
223 timing reifyNode:node_modules/supports-preserve-symlinks-flag Completed in 997ms
224 timing reifyNode:node_modules/is-weakref Completed in 996ms
225 timing reifyNode:node_modules/ignore Completed in 996ms
226 timing reifyNode:node_modules/cross-spawn Completed in 996ms
227 timing reifyNode:node_modules/json-schema-traverse Completed in 1002ms
228 timing reifyNode:node_modules/is-regex Completed in 1002ms
229 timing reifyNode:node_modules/is-core-module Completed in 1002ms
230 timing reifyNode:node_modules/eslint-module-utils/node_modules/debug Completed in 1003ms
231 timing reifyNode:node_modules/eslint-import-resolver-node/node_modules/debug Completed in 1003ms
232 timing reifyNode:node_modules/unbox-primitive Completed in 1008ms
233 timing reifyNode:node_modules/side-channel Completed in 1008ms
234 timing reifyNode:node_modules/is-shared-array-buffer Completed in 1007ms
235 timing reifyNode:node_modules/is-string Completed in 1007ms
236 timing reifyNode:node_modules/is-number-object Completed in 1008ms
237 timing reifyNode:node_modules/is-callable Completed in 1008ms
238 timing reifyNode:node_modules/is-bigint Completed in 1008ms
239 timing reifyNode:node_modules/functions-have-names Completed in 1007ms
240 timing reifyNode:node_modules/fast-deep-equal Completed in 1006ms
241 timing reifyNode:node_modules/esutils Completed in 1007ms
242 timing reifyNode:node_modules/eslint-visitor-keys Completed in 1008ms
243 timing reifyNode:node_modules/es-shim-unscopables Completed in 1007ms
244 timing reifyNode:node_modules/which-boxed-primitive Completed in 1015ms
245 timing reifyNode:node_modules/sourcemap-codec Completed in 1014ms
246 timing reifyNode:node_modules/prelude-ls Completed in 1014ms
247 timing reifyNode:node_modules/is-symbol Completed in 1013ms
248 timing reifyNode:node_modules/is-negative-zero Completed in 1013ms
249 timing reifyNode:node_modules/is-date-object Completed in 1014ms
250 timing reifyNode:node_modules/is-boolean-object Completed in 1014ms
251 timing reifyNode:node_modules/internal-slot Completed in 1014ms
252 timing reifyNode:node_modules/get-symbol-description Completed in 1013ms
253 timing reifyNode:node_modules/get-intrinsic Completed in 1013ms
254 timing reifyNode:node_modules/function-bind Completed in 1013ms
255 timing reifyNode:node_modules/tslib Completed in 1019ms
256 timing reifyNode:node_modules/object-keys Completed in 1019ms
257 timing reifyNode:node_modules/call-bind Completed in 1017ms
258 timing reifyNode:node_modules/braces Completed in 1017ms
259 timing reifyNode:node_modules/string.prototype.trimend Completed in 1024ms
260 timing reifyNode:node_modules/string.prototype.trimstart Completed in 1024ms
261 timing reifyNode:node_modules/has-tostringtag Completed in 1021ms
262 timing reifyNode:node_modules/text-table Completed in 1027ms
263 timing reifyNode:node_modules/picomatch Completed in 1027ms
264 timing reifyNode:node_modules/doctrine Completed in 1024ms
265 timing reifyNode:node_modules/esbuild Completed in 1024ms
266 timing reifyNode:node_modules/chokidar Completed in 1024ms
267 timing reifyNode:node_modules/argparse Completed in 1025ms
268 timing reifyNode:node_modules/@typescript-eslint/parser Completed in 1024ms
269 timing reifyNode:node_modules/eslint-plugin-import/node_modules/doctrine Completed in 1027ms
270 timing reifyNode:node_modules/simple-node-logger Completed in 1031ms
271 timing reifyNode:node_modules/espree Completed in 1028ms
272 timing reifyNode:node_modules/array.prototype.flat Completed in 1028ms
273 timing reifyNode:node_modules/json-stable-stringify-without-jsonify Completed in 1033ms
274 timing reifyNode:node_modules/has-symbols Completed in 1032ms
275 timing reifyNode:node_modules/regexp.prototype.flags Completed in 1037ms
276 timing reifyNode:node_modules/fastq Completed in 1035ms
277 timing reifyNode:node_modules/eslint-module-utils Completed in 1035ms
278 timing reifyNode:node_modules/array-includes Completed in 1034ms
279 timing reifyNode:node_modules/@typescript-eslint/visitor-keys Completed in 1034ms
280 timing reifyNode:node_modules/fast-json-stable-stringify Completed in 1038ms
281 timing reifyNode:node_modules/@humanwhocodes/object-schema Completed in 1037ms
282 timing reifyNode:node_modules/eslint-plugin-import/node_modules/debug Completed in 1039ms
283 timing reifyNode:node_modules/object.values Completed in 1043ms
284 timing reifyNode:node_modules/@typescript-eslint/utils/node_modules/eslint-scope Completed in 1040ms
285 timing reifyNode:node_modules/json5 Completed in 1045ms
286 timing reifyNode:node_modules/grapheme-splitter Completed in 1044ms
287 timing reifyNode:node_modules/es-to-primitive Completed in 1043ms
288 timing reifyNode:node_modules/function.prototype.name Completed in 1046ms
289 timing reifyNode:node_modules/@nodelib/fs.stat Completed in 1044ms
290 timing reifyNode:node_modules/regexpp Completed in 1050ms
291 timing reifyNode:node_modules/minimist Completed in 1051ms
292 timing reifyNode:node_modules/flatted Completed in 1050ms
293 timing reifyNode:node_modules/eslint-scope Completed in 1050ms
294 timing reifyNode:node_modules/commander Completed in 1051ms
295 timing reifyNode:node_modules/eslint-plugin-es/node_modules/eslint-utils Completed in 1054ms
296 timing reifyNode:node_modules/jsonrpc-lite Completed in 1057ms
297 timing reifyNode:node_modules/eslint-utils Completed in 1057ms
298 timing reifyNode:node_modules/@nodelib/fs.scandir Completed in 1058ms
299 timing reifyNode:node_modules/ws Completed in 1067ms
300 timing reifyNode:node_modules/@nodelib/fs.walk Completed in 1067ms
301 timing reifyNode:node_modules/eslint-plugin-promise Completed in 1070ms
302 timing reifyNode:node_modules/acorn Completed in 1084ms
303 timing reifyNode:node_modules/object-inspect Completed in 1094ms
304 timing reifyNode:node_modules/@typescript-eslint/types Completed in 1100ms
305 timing reifyNode:node_modules/type-fest Completed in 1110ms
306 timing reifyNode:node_modules/semver Completed in 1123ms
307 timing reifyNode:node_modules/js-yaml Completed in 1134ms
308 timing reifyNode:node_modules/tsc-alias Completed in 1140ms
309 timing reifyNode:node_modules/fast-glob Completed in 1145ms
310 timing reifyNode:node_modules/esquery Completed in 1146ms
311 timing reifyNode:node_modules/@eslint/eslintrc Completed in 1153ms
312 timing reifyNode:node_modules/uri-js Completed in 1162ms
313 timing reifyNode:node_modules/@typescript-eslint/type-utils Completed in 1165ms
314 timing reifyNode:node_modules/object.assign Completed in 1178ms
315 timing reifyNode:node_modules/tsconfig-paths Completed in 1183ms
316 timing reifyNode:node_modules/tsutils Completed in 1205ms
317 timing reifyNode:node_modules/eslint-plugin-n Completed in 1201ms
318 timing reifyNode:node_modules/eslint-plugin-es Completed in 1235ms
319 timing reifyNode:node_modules/ajv Completed in 1255ms
320 timing reifyNode:node_modules/@typescript-eslint/typescript-estree Completed in 1256ms
321 timing reifyNode:node_modules/@types/node Completed in 1268ms
322 http fetch GET 200 https://registry.npmjs.org/npm 1510ms (cache updated)
323 timing reifyNode:node_modules/eslint-plugin-import Completed in 1309ms
324 timing reifyNode:node_modules/resolve Completed in 1317ms
325 timing reifyNode:node_modules/@typescript-eslint/utils Completed in 1363ms
326 timing reifyNode:node_modules/esbuild-linux-64 Completed in 1480ms
327 timing reifyNode:node_modules/@typescript-eslint/scope-manager Completed in 1504ms
328 timing reifyNode:node_modules/@typescript-eslint/eslint-plugin Completed in 1567ms
329 timing reifyNode:node_modules/eslint Completed in 1572ms
330 timing reifyNode:node_modules/moment Completed in 1626ms
331 timing reifyNode:node_modules/lodash Completed in 1690ms
332 timing reifyNode:node_modules/es-abstract Completed in 1746ms
333 timing reifyNode:node_modules/typescript Completed in 2222ms
334 timing reifyNode:node_modules/@faker-js/faker Completed in 4067ms
335 timing reify:unpack Completed in 4074ms
336 timing reify:unretire Completed in 1ms
337 timing build:queue Completed in 5ms
338 timing build:link:node_modules/acorn Completed in 3ms
339 timing build:link:node_modules/js-yaml Completed in 2ms
340 timing build:link:node_modules/json5 Completed in 2ms
341 timing build:link:node_modules/esbuild Completed in 4ms
342 timing build:link:node_modules/rimraf Completed in 3ms
343 timing build:link:node_modules/tsc-alias Completed in 3ms
344 timing build:link:node_modules/resolve Completed in 3ms
345 timing build:link:node_modules/semver Completed in 3ms
346 timing build:link:node_modules/eslint Completed in 3ms
347 timing build:link:node_modules/typescript Completed in 3ms
348 timing build:link:node_modules/which Completed in 3ms
349 timing build:link Completed in 4ms
350 info run esbuild@0.15.4 postinstall node_modules/esbuild node install.js
351 info run esbuild@0.15.4 postinstall { code: 0, signal: null }
352 timing build:run:postinstall:node_modules/esbuild Completed in 110ms
353 timing build:run:postinstall Completed in 110ms
354 timing build:deps Completed in 120ms
355 timing build Completed in 120ms
356 timing reify:build Completed in 120ms
357 timing reify:trash Completed in 5ms
358 timing reify Completed in 4316ms
359 silly ADD node_modules/yocto-queue
360 silly ADD node_modules/yallist
361 silly ADD node_modules/ws
362 silly ADD node_modules/wrappy
363 silly ADD node_modules/word-wrap
364 silly ADD node_modules/which-boxed-primitive
365 silly ADD node_modules/which
366 silly ADD node_modules/v8-compile-cache
367 silly ADD node_modules/uri-js
368 silly ADD node_modules/unbox-primitive
369 silly ADD node_modules/typescript
370 silly ADD node_modules/type-fest
371 silly ADD node_modules/type-check
372 silly ADD node_modules/tsutils
373 silly ADD node_modules/tslib
374 silly ADD node_modules/tsconfig-paths
375 silly ADD node_modules/tsc-alias
376 silly ADD node_modules/to-regex-range
377 silly ADD node_modules/text-table
378 silly ADD node_modules/supports-preserve-symlinks-flag
379 silly ADD node_modules/supports-color
380 silly ADD node_modules/strip-json-comments
381 silly ADD node_modules/strip-bom
382 silly ADD node_modules/strip-ansi
383 silly ADD node_modules/string.prototype.trimstart
384 silly ADD node_modules/string.prototype.trimend
385 silly ADD node_modules/sourcemap-codec
386 silly ADD node_modules/slash
387 silly ADD node_modules/simple-node-logger
388 silly ADD node_modules/side-channel
389 silly ADD node_modules/shebang-regex
390 silly ADD node_modules/shebang-command
391 silly ADD node_modules/semver
392 silly ADD node_modules/run-parallel
393 silly ADD node_modules/rimraf
394 silly ADD node_modules/reusify
395 silly ADD node_modules/resolve-from
396 silly ADD node_modules/resolve
397 silly ADD node_modules/regexpp
398 silly ADD node_modules/regexp.prototype.flags
399 silly ADD node_modules/readdirp
400 silly ADD node_modules/queue-microtask
401 silly ADD node_modules/queue-lit
402 silly ADD node_modules/punycode
403 silly ADD node_modules/prelude-ls
404 silly ADD node_modules/plimit-lit
405 silly ADD node_modules/picomatch
406 silly ADD node_modules/path-type
407 silly ADD node_modules/path-parse
408 silly ADD node_modules/path-key
409 silly ADD node_modules/path-is-absolute
410 silly ADD node_modules/path-exists
411 silly ADD node_modules/parent-module
412 silly ADD node_modules/p-locate
413 silly ADD node_modules/p-limit
414 silly ADD node_modules/optionator
415 silly ADD node_modules/once
416 silly ADD node_modules/object.values
417 silly ADD node_modules/object.assign
418 silly ADD node_modules/object-keys
419 silly ADD node_modules/object-inspect
420 silly ADD node_modules/normalize-path
421 silly ADD node_modules/natural-compare
422 silly ADD node_modules/mylas
423 silly ADD node_modules/ms
424 silly ADD node_modules/moment
425 silly ADD node_modules/minimist
426 silly ADD node_modules/minimatch
427 silly ADD node_modules/micromatch
428 silly ADD node_modules/merge2
429 silly ADD node_modules/lru-cache
430 silly ADD node_modules/lodash.merge
431 silly ADD node_modules/lodash
432 silly ADD node_modules/locate-path
433 silly ADD node_modules/levn
434 silly ADD node_modules/jsonrpc-lite
435 silly ADD node_modules/json5
436 silly ADD node_modules/json-stable-stringify-without-jsonify
437 silly ADD node_modules/json-schema-traverse
438 silly ADD node_modules/js-yaml
439 silly ADD node_modules/isexe
440 silly ADD node_modules/is-weakref
441 silly ADD node_modules/is-symbol
442 silly ADD node_modules/is-string
443 silly ADD node_modules/is-shared-array-buffer
444 silly ADD node_modules/is-regex
445 silly ADD node_modules/is-number-object
446 silly ADD node_modules/is-number
447 silly ADD node_modules/is-negative-zero
448 silly ADD node_modules/is-glob
449 silly ADD node_modules/is-extglob
450 silly ADD node_modules/is-date-object
451 silly ADD node_modules/is-core-module
452 silly ADD node_modules/is-callable
453 silly ADD node_modules/is-boolean-object
454 silly ADD node_modules/is-binary-path
455 silly ADD node_modules/is-bigint
456 silly ADD node_modules/internal-slot
457 silly ADD node_modules/inherits
458 silly ADD node_modules/inflight
459 silly ADD node_modules/imurmurhash
460 silly ADD node_modules/import-fresh
461 silly ADD node_modules/ignore
462 silly ADD node_modules/has-tostringtag
463 silly ADD node_modules/has-symbols
464 silly ADD node_modules/has-property-descriptors
465 silly ADD node_modules/has-flag
466 silly ADD node_modules/has-bigints
467 silly ADD node_modules/has
468 silly ADD node_modules/grapheme-splitter
469 silly ADD node_modules/globby
470 silly ADD node_modules/globals
471 silly ADD node_modules/glob-parent
472 silly ADD node_modules/glob
473 silly ADD node_modules/get-symbol-description
474 silly ADD node_modules/get-intrinsic
475 silly ADD node_modules/functions-have-names
476 silly ADD node_modules/functional-red-black-tree
477 silly ADD node_modules/function.prototype.name
478 silly ADD node_modules/function-bind
479 silly ADD
480 silly ADD node_modules/fs.realpath
481 silly ADD node_modules/flatted
482 silly ADD node_modules/flat-cache
483 silly ADD node_modules/find-up
484 silly ADD node_modules/fill-range
485 silly ADD node_modules/file-entry-cache
486 silly ADD node_modules/fastq
487 silly ADD node_modules/fast-levenshtein
488 silly ADD node_modules/fast-json-stable-stringify
489 silly ADD node_modules/fast-glob
490 silly ADD node_modules/fast-glob/node_modules/glob-parent
491 silly ADD node_modules/fast-deep-equal
492 silly ADD node_modules/esutils
493 silly ADD node_modules/estraverse
494 silly ADD node_modules/esrecurse
495 silly ADD node_modules/esquery
496 silly ADD node_modules/espree
497 silly ADD node_modules/eslint-visitor-keys
498 silly ADD node_modules/eslint-utils
499 silly ADD node_modules/eslint-utils/node_modules/eslint-visitor-keys
500 silly ADD node_modules/eslint-scope
501 silly ADD node_modules/eslint-plugin-promise
502 silly ADD node_modules/eslint-plugin-n
503 silly ADD node_modules/eslint-plugin-import
504 silly ADD node_modules/eslint-plugin-import/node_modules/ms
505 silly ADD node_modules/eslint-plugin-import/node_modules/doctrine
506 silly ADD node_modules/eslint-plugin-import/node_modules/debug
507 silly ADD node_modules/eslint-plugin-es
508 silly ADD node_modules/eslint-plugin-es/node_modules/eslint-visitor-keys
509 silly ADD node_modules/eslint-plugin-es/node_modules/eslint-utils
510 silly ADD node_modules/eslint-module-utils
511 silly ADD node_modules/eslint-module-utils/node_modules/debug
512 silly ADD node_modules/eslint-import-resolver-node
513 silly ADD node_modules/eslint-import-resolver-node/node_modules/debug
514 silly ADD node_modules/eslint-config-standard-with-typescript
515 silly ADD node_modules/eslint-config-standard
516 silly ADD node_modules/eslint
517 silly ADD node_modules/escape-string-regexp
518 silly ADD
519 silly ADD
520 silly ADD
521 silly ADD
522 silly ADD
523 silly ADD
524 silly ADD
525 silly ADD
526 silly ADD
527 silly ADD
528 silly ADD
529 silly ADD
530 silly ADD node_modules/esbuild-linux-64
531 silly ADD
532 silly ADD
533 silly ADD
534 silly ADD
535 silly ADD
536 silly ADD
537 silly ADD
538 silly ADD node_modules/esbuild
539 silly ADD node_modules/es-to-primitive
540 silly ADD node_modules/es-shim-unscopables
541 silly ADD node_modules/es-abstract
542 silly ADD node_modules/doctrine
543 silly ADD node_modules/dir-glob
544 silly ADD node_modules/define-properties
545 silly ADD node_modules/deep-is
546 silly ADD node_modules/debug
547 silly ADD node_modules/cross-spawn
548 silly ADD node_modules/concat-map
549 silly ADD node_modules/commander
550 silly ADD node_modules/color-name
551 silly ADD node_modules/color-convert
552 silly ADD node_modules/chokidar
553 silly ADD node_modules/chokidar/node_modules/glob-parent
554 silly ADD node_modules/chalk
555 silly ADD node_modules/callsites
556 silly ADD node_modules/call-bind
557 silly ADD node_modules/builtins
558 silly ADD node_modules/braces
559 silly ADD node_modules/brace-expansion
560 silly ADD node_modules/binary-extensions
561 silly ADD node_modules/balanced-match
562 silly ADD node_modules/array.prototype.flat
563 silly ADD node_modules/array-union
564 silly ADD node_modules/array-includes
565 silly ADD node_modules/argparse
566 silly ADD node_modules/anymatch
567 silly ADD node_modules/ansi-styles
568 silly ADD node_modules/ansi-regex
569 silly ADD node_modules/ajv
570 silly ADD node_modules/acorn-jsx
571 silly ADD node_modules/acorn
572 silly ADD node_modules/@typescript-eslint/visitor-keys
573 silly ADD node_modules/@typescript-eslint/utils
574 silly ADD node_modules/@typescript-eslint/utils/node_modules/estraverse
575 silly ADD node_modules/@typescript-eslint/utils/node_modules/eslint-scope
576 silly ADD node_modules/@typescript-eslint/typescript-estree
577 silly ADD node_modules/@typescript-eslint/types
578 silly ADD node_modules/@typescript-eslint/type-utils
579 silly ADD node_modules/@typescript-eslint/scope-manager
580 silly ADD node_modules/@typescript-eslint/parser
581 silly ADD node_modules/@typescript-eslint/eslint-plugin
582 silly ADD node_modules/@types/ws
583 silly ADD node_modules/@types/node
584 silly ADD node_modules/@types/json5
585 silly ADD node_modules/@types/json-schema
586 silly ADD node_modules/@nodelib/fs.walk
587 silly ADD node_modules/@nodelib/fs.stat
588 silly ADD node_modules/@nodelib/fs.scandir
589 silly ADD node_modules/@humanwhocodes/object-schema
590 silly ADD node_modules/@humanwhocodes/gitignore-to-minimatch
591 silly ADD node_modules/@humanwhocodes/config-array
592 silly ADD node_modules/@faker-js/faker
593 silly ADD node_modules/@eslint/eslintrc
594 silly ADD
595 timing command:ci Completed in 4470ms
596 notice
596 notice New minor version of npm available! 8.18.0 -> 8.19.3
596 notice Changelog: <https://github.com/npm/cli/releases/tag/v8.19.3>
596 notice Run `npm install -g npm@8.19.3` to update!
596 notice
597 verbose exit 0
598 timing npm Completed in 4579ms
599 info ok
