0 verbose cli /usr/bin/node /usr/bin/npm
1 info using npm@8.18.0
2 info using node@v18.8.0
3 timing npm:load:whichnode Completed in 0ms
4 timing config:load:defaults Completed in 2ms
5 timing config:load:file:/usr/lib/node_modules/npm/npmrc Completed in 0ms
6 timing config:load:builtin Completed in 0ms
7 timing config:load:cli Completed in 1ms
8 timing config:load:env Completed in 0ms
9 timing config:load:file:/home/zstreet/.local/share/nvim/mason/.packages/typescript-language-server/.npmrc Completed in 2ms
10 timing config:load:project Completed in 6ms
11 timing config:load:file:/home/zstreet/.npmrc Completed in 0ms
12 timing config:load:user Completed in 0ms
13 timing config:load:file:/home/zstreet/.npm-global/etc/npmrc Completed in 0ms
14 timing config:load:global Completed in 0ms
15 timing config:load:validate Completed in 1ms
16 timing config:load:credentials Completed in 0ms
17 timing config:load:setEnvs Completed in 1ms
18 timing config:load Completed in 12ms
19 timing npm:load:configload Completed in 12ms
20 timing npm:load:mkdirpcache Completed in 1ms
21 timing npm:load:mkdirplogs Completed in 0ms
22 verbose title npm install typescript-language-server typescript
23 verbose argv "install" "typescript-language-server" "typescript"
24 timing npm:load:setTitle Completed in 1ms
25 timing config:load:flatten Completed in 3ms
26 timing npm:load:display Completed in 4ms
27 verbose logfile logs-max:10 dir:/home/zstreet/.npm/_logs
28 verbose logfile /home/zstreet/.npm/_logs/2022-10-29T17_15_09_088Z-debug-0.log
29 timing npm:load:logFile Completed in 5ms
30 timing npm:load:timers Completed in 0ms
31 timing npm:load:configScope Completed in 0ms
32 timing npm:load Completed in 23ms
33 timing arborist:ctor Completed in 1ms
34 silly logfile start cleaning logs, removing 1 files
35 silly logfile done cleaning log files
36 timing arborist:ctor Completed in 0ms
37 timing idealTree:init Completed in 10ms
38 timing idealTree:userRequests Completed in 2ms
39 silly idealTree buildDeps
40 silly fetch manifest typescript-language-server@*
41 http fetch GET 200 https://registry.npmjs.org/typescript-language-server 513ms (cache updated)
42 silly fetch manifest typescript@*
43 http fetch GET 200 https://registry.npmjs.org/typescript 20ms (cache hit)
44 silly placeDep ROOT typescript@4.8.4 OK for: @mason/typescript-language-server@1.0.0 want: *
45 silly placeDep ROOT typescript-language-server@2.1.0 OK for: @mason/typescript-language-server@1.0.0 want: *
46 silly fetch manifest commander@^9.4.1
47 silly fetch manifest deepmerge@^4.2.2
48 silly fetch manifest fs-extra@^10.1.0
49 silly fetch manifest p-debounce@^4.0.0
50 silly fetch manifest pkg-up@^4.0.0
51 silly fetch manifest semver@^7.3.8
52 silly fetch manifest tempy@^3.0.0
53 silly fetch manifest vscode-languageserver@^8.0.2
54 silly fetch manifest vscode-languageserver-protocol@^3.17.2
55 silly fetch manifest vscode-languageserver-textdocument@1.0.7
56 silly fetch manifest vscode-uri@^3.0.6
57 silly fetch manifest which@^2.0.2
58 http fetch GET 200 https://registry.npmjs.org/fs-extra 36ms (cache hit)
59 http fetch GET 200 https://registry.npmjs.org/vscode-uri 32ms (cache hit)
60 http fetch GET 200 https://registry.npmjs.org/vscode-languageserver 35ms (cache hit)
61 http fetch GET 200 https://registry.npmjs.org/vscode-languageserver-textdocument 35ms (cache hit)
62 http fetch GET 200 https://registry.npmjs.org/vscode-languageserver-protocol 37ms (cache hit)
63 http fetch GET 200 https://registry.npmjs.org/which 108ms (cache revalidated)
64 http fetch GET 200 https://registry.npmjs.org/tempy 113ms (cache revalidated)
65 http fetch GET 200 https://registry.npmjs.org/deepmerge 115ms (cache revalidated)
66 http fetch GET 200 https://registry.npmjs.org/pkg-up 118ms (cache revalidated)
67 http fetch GET 200 https://registry.npmjs.org/semver 120ms (cache updated)
68 http fetch GET 200 https://registry.npmjs.org/commander 139ms (cache updated)
69 http fetch GET 200 https://registry.npmjs.org/p-debounce 465ms (cache revalidated)
70 timing idealTree:#root Completed in 1055ms
71 timing idealTree:node_modules/typescript Completed in 0ms
72 silly placeDep node_modules/typescript-language-server commander@9.4.1 OK for: typescript-language-server@2.1.0 want: ^9.4.1
73 silly placeDep node_modules/typescript-language-server deepmerge@4.2.2 OK for: typescript-language-server@2.1.0 want: ^4.2.2
74 silly placeDep node_modules/typescript-language-server fs-extra@10.1.0 OK for: typescript-language-server@2.1.0 want: ^10.1.0
75 silly placeDep node_modules/typescript-language-server p-debounce@4.0.0 OK for: typescript-language-server@2.1.0 want: ^4.0.0
76 silly placeDep node_modules/typescript-language-server pkg-up@4.0.0 OK for: typescript-language-server@2.1.0 want: ^4.0.0
77 silly placeDep node_modules/typescript-language-server semver@7.3.8 OK for: typescript-language-server@2.1.0 want: ^7.3.8
78 silly placeDep node_modules/typescript-language-server tempy@3.0.0 OK for: typescript-language-server@2.1.0 want: ^3.0.0
79 silly placeDep node_modules/typescript-language-server vscode-languageserver@8.0.2 OK for: typescript-language-server@2.1.0 want: ^8.0.2
80 silly placeDep node_modules/typescript-language-server vscode-languageserver-protocol@3.17.2 OK for: typescript-language-server@2.1.0 want: ^3.17.2
81 silly placeDep node_modules/typescript-language-server vscode-languageserver-textdocument@1.0.7 OK for: typescript-language-server@2.1.0 want: 1.0.7
82 silly placeDep node_modules/typescript-language-server vscode-uri@3.0.6 OK for: typescript-language-server@2.1.0 want: ^3.0.6
83 silly placeDep node_modules/typescript-language-server which@2.0.2 OK for: typescript-language-server@2.1.0 want: ^2.0.2
84 silly fetch manifest graceful-fs@^4.2.0
85 silly fetch manifest jsonfile@^6.0.1
86 silly fetch manifest universalify@^2.0.0
87 silly fetch manifest find-up@^6.2.0
88 silly fetch manifest lru-cache@^6.0.0
89 silly fetch manifest is-stream@^3.0.0
90 silly fetch manifest temp-dir@^2.0.0
91 silly fetch manifest type-fest@^2.12.2
92 silly fetch manifest unique-string@^3.0.0
93 silly fetch manifest vscode-jsonrpc@8.0.2
94 silly fetch manifest vscode-languageserver-types@3.17.2
95 silly fetch manifest isexe@^2.0.0
96 http fetch GET 200 https://registry.npmjs.org/graceful-fs 24ms (cache hit)
97 http fetch GET 200 https://registry.npmjs.org/universalify 24ms (cache hit)
98 http fetch GET 200 https://registry.npmjs.org/jsonfile 25ms (cache hit)
99 http fetch GET 200 https://registry.npmjs.org/vscode-languageserver-types 21ms (cache hit)
100 http fetch GET 200 https://registry.npmjs.org/vscode-jsonrpc 23ms (cache hit)
101 http fetch GET 200 https://registry.npmjs.org/find-up 62ms (cache revalidated)
102 http fetch GET 200 https://registry.npmjs.org/temp-dir 64ms (cache updated)
103 http fetch GET 200 https://registry.npmjs.org/is-stream 67ms (cache revalidated)
104 http fetch GET 200 https://registry.npmjs.org/lru-cache 69ms (cache revalidated)
105 http fetch GET 200 https://registry.npmjs.org/unique-string 81ms (cache revalidated)
106 http fetch GET 200 https://registry.npmjs.org/isexe 79ms (cache revalidated)
107 http fetch GET 200 https://registry.npmjs.org/type-fest 92ms (cache updated)
108 timing idealTree:node_modules/typescript-language-server Completed in 118ms
109 timing idealTree:node_modules/typescript-language-server/node_modules/commander Completed in 0ms
110 timing idealTree:node_modules/typescript-language-server/node_modules/deepmerge Completed in 0ms
111 silly placeDep node_modules/typescript-language-server graceful-fs@4.2.10 OK for: fs-extra@10.1.0 want: ^4.2.0
112 silly placeDep node_modules/typescript-language-server jsonfile@6.1.0 OK for: fs-extra@10.1.0 want: ^6.0.1
113 silly placeDep node_modules/typescript-language-server universalify@2.0.0 OK for: fs-extra@10.1.0 want: ^2.0.0
114 timing idealTree:node_modules/typescript-language-server/node_modules/fs-extra Completed in 5ms
115 timing idealTree:node_modules/typescript-language-server/node_modules/graceful-fs Completed in 0ms
116 timing idealTree:node_modules/typescript-language-server/node_modules/jsonfile Completed in 0ms
117 timing idealTree:node_modules/typescript-language-server/node_modules/p-debounce Completed in 0ms
118 silly placeDep node_modules/typescript-language-server find-up@6.3.0 OK for: pkg-up@4.0.0 want: ^6.2.0
119 silly fetch manifest locate-path@^7.1.0
120 silly fetch manifest path-exists@^5.0.0
121 http fetch GET 200 https://registry.npmjs.org/locate-path 40ms (cache revalidated)
122 http fetch GET 200 https://registry.npmjs.org/path-exists 61ms (cache revalidated)
123 timing idealTree:node_modules/typescript-language-server/node_modules/pkg-up Completed in 63ms
124 silly placeDep node_modules/typescript-language-server locate-path@7.1.1 OK for: find-up@6.3.0 want: ^7.1.0
125 silly placeDep node_modules/typescript-language-server path-exists@5.0.0 OK for: find-up@6.3.0 want: ^5.0.0
126 silly fetch manifest p-locate@^6.0.0
127 http fetch GET 200 https://registry.npmjs.org/p-locate 39ms (cache revalidated)
128 timing idealTree:node_modules/typescript-language-server/node_modules/find-up Completed in 45ms
129 silly placeDep node_modules/typescript-language-server p-locate@6.0.0 OK for: locate-path@7.1.1 want: ^6.0.0
130 silly fetch manifest p-limit@^4.0.0
131 http fetch GET 200 https://registry.npmjs.org/p-limit 41ms (cache revalidated)
132 timing idealTree:node_modules/typescript-language-server/node_modules/locate-path Completed in 43ms
133 silly placeDep node_modules/typescript-language-server p-limit@4.0.0 OK for: p-locate@6.0.0 want: ^4.0.0
134 silly fetch manifest yocto-queue@^1.0.0
135 http fetch GET 200 https://registry.npmjs.org/yocto-queue 52ms (cache revalidated)
136 timing idealTree:node_modules/typescript-language-server/node_modules/p-locate Completed in 56ms
137 silly placeDep node_modules/typescript-language-server yocto-queue@1.0.0 OK for: p-limit@4.0.0 want: ^1.0.0
138 timing idealTree:node_modules/typescript-language-server/node_modules/p-limit Completed in 1ms
139 timing idealTree:node_modules/typescript-language-server/node_modules/path-exists Completed in 0ms
140 silly placeDep node_modules/typescript-language-server lru-cache@6.0.0 OK for: semver@7.3.8 want: ^6.0.0
141 silly fetch manifest yallist@^4.0.0
142 http fetch GET 200 https://registry.npmjs.org/yallist 48ms (cache revalidated)
143 timing idealTree:node_modules/typescript-language-server/node_modules/semver Completed in 51ms
144 silly placeDep node_modules/typescript-language-server yallist@4.0.0 OK for: lru-cache@6.0.0 want: ^4.0.0
145 timing idealTree:node_modules/typescript-language-server/node_modules/lru-cache Completed in 1ms
146 silly placeDep node_modules/typescript-language-server is-stream@3.0.0 OK for: tempy@3.0.0 want: ^3.0.0
147 silly placeDep node_modules/typescript-language-server temp-dir@2.0.0 OK for: tempy@3.0.0 want: ^2.0.0
148 silly placeDep node_modules/typescript-language-server type-fest@2.19.0 OK for: tempy@3.0.0 want: ^2.12.2
149 silly placeDep node_modules/typescript-language-server unique-string@3.0.0 OK for: tempy@3.0.0 want: ^3.0.0
150 silly fetch manifest crypto-random-string@^4.0.0
151 http fetch GET 200 https://registry.npmjs.org/crypto-random-string 45ms (cache revalidated)
152 timing idealTree:node_modules/typescript-language-server/node_modules/tempy Completed in 53ms
153 timing idealTree:node_modules/typescript-language-server/node_modules/is-stream Completed in 0ms
154 timing idealTree:node_modules/typescript-language-server/node_modules/temp-dir Completed in 0ms
155 timing idealTree:node_modules/typescript-language-server/node_modules/type-fest Completed in 0ms
156 silly placeDep node_modules/typescript-language-server crypto-random-string@4.0.0 OK for: unique-string@3.0.0 want: ^4.0.0
157 silly fetch manifest type-fest@^1.0.1
158 timing idealTree:node_modules/typescript-language-server/node_modules/unique-string Completed in 4ms
159 silly placeDep node_modules/typescript-language-server/node_modules/crypto-random-string type-fest@1.4.0 OK for: crypto-random-string@4.0.0 want: ^1.0.1
160 timing idealTree:node_modules/typescript-language-server/node_modules/crypto-random-string Completed in 2ms
161 timing idealTree:node_modules/typescript-language-server/node_modules/universalify Completed in 0ms
162 timing idealTree:node_modules/typescript-language-server/node_modules/vscode-languageserver Completed in 0ms
163 silly placeDep node_modules/typescript-language-server vscode-jsonrpc@8.0.2 OK for: vscode-languageserver-protocol@3.17.2 want: 8.0.2
164 silly placeDep node_modules/typescript-language-server vscode-languageserver-types@3.17.2 OK for: vscode-languageserver-protocol@3.17.2 want: 3.17.2
165 timing idealTree:node_modules/typescript-language-server/node_modules/vscode-languageserver-protocol Completed in 2ms
166 timing idealTree:node_modules/typescript-language-server/node_modules/vscode-jsonrpc Completed in 0ms
167 timing idealTree:node_modules/typescript-language-server/node_modules/vscode-languageserver-textdocument Completed in 0ms
168 timing idealTree:node_modules/typescript-language-server/node_modules/vscode-languageserver-types Completed in 0ms
169 timing idealTree:node_modules/typescript-language-server/node_modules/vscode-uri Completed in 0ms
170 silly placeDep node_modules/typescript-language-server isexe@2.0.0 OK for: which@2.0.2 want: ^2.0.0
171 timing idealTree:node_modules/typescript-language-server/node_modules/which Completed in 1ms
172 timing idealTree:node_modules/typescript-language-server/node_modules/isexe Completed in 0ms
173 timing idealTree:node_modules/typescript-language-server/node_modules/yallist Completed in 0ms
174 timing idealTree:node_modules/typescript-language-server/node_modules/yocto-queue Completed in 0ms
175 timing idealTree:node_modules/typescript-language-server/node_modules/crypto-random-string/node_modules/type-fest Completed in 0ms
176 timing idealTree:buildDeps Completed in 1502ms
177 timing idealTree:fixDepFlags Completed in 1ms
178 timing idealTree Completed in 1518ms
179 timing reify:loadTrees Completed in 1518ms
180 timing reify:diffTrees Completed in 1ms
181 silly reify moves {}
182 timing reify:retireShallow Completed in 1ms
183 timing reify:createSparse Completed in 9ms
184 timing reify:loadBundles Completed in 0ms
185 silly audit bulk request {
185 silly audit   typescript: [ '4.8.4' ],
185 silly audit   'typescript-language-server': [ '2.1.0' ],
185 silly audit   commander: [ '9.4.1' ],
185 silly audit   deepmerge: [ '4.2.2' ],
185 silly audit   'fs-extra': [ '10.1.0' ],
185 silly audit   'p-debounce': [ '4.0.0' ],
185 silly audit   'pkg-up': [ '4.0.0' ],
185 silly audit   semver: [ '7.3.8' ],
185 silly audit   tempy: [ '3.0.0' ],
185 silly audit   'vscode-languageserver': [ '8.0.2' ],
185 silly audit   'vscode-languageserver-protocol': [ '3.17.2' ],
185 silly audit   'vscode-languageserver-textdocument': [ '1.0.7' ],
185 silly audit   'vscode-uri': [ '3.0.6' ],
185 silly audit   which: [ '2.0.2' ],
185 silly audit   'graceful-fs': [ '4.2.10' ],
185 silly audit   jsonfile: [ '6.1.0' ],
185 silly audit   universalify: [ '2.0.0' ],
185 silly audit   'find-up': [ '6.3.0' ],
185 silly audit   'locate-path': [ '7.1.1' ],
185 silly audit   'path-exists': [ '5.0.0' ],
185 silly audit   'p-locate': [ '6.0.0' ],
185 silly audit   'p-limit': [ '4.0.0' ],
185 silly audit   'yocto-queue': [ '1.0.0' ],
185 silly audit   'lru-cache': [ '6.0.0' ],
185 silly audit   yallist: [ '4.0.0' ],
185 silly audit   'is-stream': [ '3.0.0' ],
185 silly audit   'temp-dir': [ '2.0.0' ],
185 silly audit   'type-fest': [ '2.19.0', '1.4.0' ],
185 silly audit   'unique-string': [ '3.0.0' ],
185 silly audit   'crypto-random-string': [ '4.0.0' ],
185 silly audit   'vscode-jsonrpc': [ '8.0.2' ],
185 silly audit   'vscode-languageserver-types': [ '3.17.2' ],
185 silly audit   isexe: [ '2.0.0' ]
185 silly audit }
186 silly tarball no local data for typescript-language-server@https://registry.npmjs.org/typescript-language-server/-/typescript-language-server-2.1.0.tgz. Extracting by manifest.
187 silly tarball no local data for semver@https://registry.npmjs.org/semver/-/semver-7.3.8.tgz. Extracting by manifest.
188 silly tarball no local data for commander@https://registry.npmjs.org/commander/-/commander-9.4.1.tgz. Extracting by manifest.
189 http fetch POST 200 https://registry.npmjs.org/-/npm/v1/security/advisories/bulk 277ms
190 timing auditReport:getReport Completed in 280ms
191 silly audit report {}
192 timing auditReport:init Completed in 0ms
193 timing reify:audit Completed in 280ms
194 timing reifyNode:node_modules/typescript-language-server/node_modules/universalify Completed in 284ms
195 timing reifyNode:node_modules/typescript-language-server/node_modules/unique-string Completed in 286ms
196 timing reifyNode:node_modules/typescript-language-server/node_modules/temp-dir Completed in 285ms
197 timing reifyNode:node_modules/typescript-language-server/node_modules/lru-cache Completed in 285ms
198 timing reifyNode:node_modules/typescript-language-server/node_modules/is-stream Completed in 285ms
199 timing reifyNode:node_modules/typescript-language-server/node_modules/yocto-queue Completed in 285ms
200 timing reifyNode:node_modules/typescript-language-server/node_modules/p-locate Completed in 285ms
201 timing reifyNode:node_modules/typescript-language-server/node_modules/p-limit Completed in 285ms
202 timing reifyNode:node_modules/typescript-language-server/node_modules/path-exists Completed in 285ms
203 timing reifyNode:node_modules/typescript-language-server/node_modules/locate-path Completed in 285ms
204 timing reifyNode:node_modules/typescript-language-server/node_modules/tempy Completed in 285ms
205 timing reifyNode:node_modules/typescript-language-server/node_modules/pkg-up Completed in 285ms
206 timing reifyNode:node_modules/typescript-language-server/node_modules/p-debounce Completed in 285ms
207 timing reifyNode:node_modules/typescript-language-server/node_modules/crypto-random-string Completed in 287ms
208 timing reifyNode:node_modules/typescript-language-server/node_modules/yallist Completed in 286ms
209 timing reifyNode:node_modules/typescript-language-server/node_modules/find-up Completed in 286ms
210 timing reifyNode:node_modules/typescript-language-server/node_modules/which Completed in 287ms
211 timing reifyNode:node_modules/typescript-language-server/node_modules/graceful-fs Completed in 288ms
212 timing reifyNode:node_modules/typescript-language-server/node_modules/jsonfile Completed in 288ms
213 timing reifyNode:node_modules/typescript-language-server/node_modules/isexe Completed in 291ms
214 timing reifyNode:node_modules/typescript-language-server/node_modules/deepmerge Completed in 293ms
215 timing reifyNode:node_modules/typescript-language-server/node_modules/vscode-languageserver-textdocument Completed in 295ms
216 timing reifyNode:node_modules/typescript-language-server/node_modules/vscode-uri Completed in 309ms
217 timing reifyNode:node_modules/typescript-language-server/node_modules/vscode-languageserver-types Completed in 311ms
218 http fetch GET 200 https://registry.npmjs.org/commander/-/commander-9.4.1.tgz 288ms (cache miss)
219 timing reifyNode:node_modules/typescript-language-server/node_modules/commander Completed in 310ms
220 timing reifyNode:node_modules/typescript-language-server/node_modules/fs-extra Completed in 330ms
221 timing reifyNode:node_modules/typescript-language-server/node_modules/crypto-random-string/node_modules/type-fest Completed in 343ms
222 timing reifyNode:node_modules/typescript-language-server/node_modules/vscode-jsonrpc Completed in 343ms
223 timing reifyNode:node_modules/typescript-language-server/node_modules/vscode-languageserver Completed in 343ms
224 http fetch GET 200 https://registry.npmjs.org/semver/-/semver-7.3.8.tgz 323ms (cache miss)
225 timing reifyNode:node_modules/typescript-language-server/node_modules/semver Completed in 345ms
226 timing reifyNode:node_modules/typescript-language-server/node_modules/type-fest Completed in 346ms
227 timing reifyNode:node_modules/typescript-language-server/node_modules/vscode-languageserver-protocol Completed in 349ms
228 http fetch GET 200 https://registry.npmjs.org/typescript-language-server/-/typescript-language-server-2.1.0.tgz 351ms (cache miss)
229 timing reifyNode:node_modules/typescript-language-server Completed in 371ms
230 timing reifyNode:node_modules/typescript Completed in 611ms
231 timing reify:unpack Completed in 613ms
232 timing reify:unretire Completed in 1ms
233 timing build:queue Completed in 1ms
234 timing build:link:node_modules/typescript-language-server/node_modules/semver Completed in 2ms
235 timing build:link:node_modules/typescript Completed in 3ms
236 timing build:link:node_modules/typescript-language-server/node_modules/vscode-languageserver Completed in 2ms
237 timing build:link:node_modules/typescript-language-server Completed in 2ms
238 timing build:link:node_modules/typescript-language-server/node_modules/which Completed in 2ms
239 timing build:link Completed in 3ms
240 timing build:deps Completed in 4ms
241 timing build Completed in 4ms
242 timing reify:build Completed in 4ms
243 timing reify:trash Completed in 0ms
244 timing reify:save Completed in 11ms
245 timing reify Completed in 2173ms
246 silly ADD node_modules/typescript-language-server
247 silly ADD node_modules/typescript-language-server/node_modules/isexe
248 silly ADD node_modules/typescript-language-server/node_modules/vscode-languageserver-types
249 silly ADD node_modules/typescript-language-server/node_modules/vscode-jsonrpc
250 silly ADD node_modules/typescript-language-server/node_modules/crypto-random-string
251 silly ADD node_modules/typescript-language-server/node_modules/crypto-random-string/node_modules/type-fest
252 silly ADD node_modules/typescript-language-server/node_modules/unique-string
253 silly ADD node_modules/typescript-language-server/node_modules/type-fest
254 silly ADD node_modules/typescript-language-server/node_modules/temp-dir
255 silly ADD node_modules/typescript-language-server/node_modules/is-stream
256 silly ADD node_modules/typescript-language-server/node_modules/yallist
257 silly ADD node_modules/typescript-language-server/node_modules/lru-cache
258 silly ADD node_modules/typescript-language-server/node_modules/yocto-queue
259 silly ADD node_modules/typescript-language-server/node_modules/p-limit
260 silly ADD node_modules/typescript-language-server/node_modules/p-locate
261 silly ADD node_modules/typescript-language-server/node_modules/path-exists
262 silly ADD node_modules/typescript-language-server/node_modules/locate-path
263 silly ADD node_modules/typescript-language-server/node_modules/find-up
264 silly ADD node_modules/typescript-language-server/node_modules/universalify
265 silly ADD node_modules/typescript-language-server/node_modules/jsonfile
266 silly ADD node_modules/typescript-language-server/node_modules/graceful-fs
267 silly ADD node_modules/typescript-language-server/node_modules/which
268 silly ADD node_modules/typescript-language-server/node_modules/vscode-uri
269 silly ADD node_modules/typescript-language-server/node_modules/vscode-languageserver-textdocument
270 silly ADD node_modules/typescript-language-server/node_modules/vscode-languageserver-protocol
271 silly ADD node_modules/typescript-language-server/node_modules/vscode-languageserver
272 silly ADD node_modules/typescript-language-server/node_modules/tempy
273 silly ADD node_modules/typescript-language-server/node_modules/semver
274 silly ADD node_modules/typescript-language-server/node_modules/pkg-up
275 silly ADD node_modules/typescript-language-server/node_modules/p-debounce
276 silly ADD node_modules/typescript-language-server/node_modules/fs-extra
277 silly ADD node_modules/typescript-language-server/node_modules/deepmerge
278 silly ADD node_modules/typescript-language-server/node_modules/commander
279 silly ADD node_modules/typescript
280 timing command:install Completed in 2178ms
281 verbose exit 0
282 timing npm Completed in 2282ms
283 info ok
