0 verbose cli /usr/bin/node /usr/bin/npm
1 info using npm@8.19.2
2 info using node@v18.12.0
3 timing npm:load:whichnode Completed in 0ms
4 timing config:load:defaults Completed in 1ms
5 timing config:load:file:/usr/lib/node_modules/npm/npmrc Completed in 1ms
6 timing config:load:builtin Completed in 1ms
7 timing config:load:cli Completed in 2ms
8 timing config:load:env Completed in 1ms
9 timing config:load:file:/home/zstreet/.local/share/nvim/mason/.packages/dockerfile-language-server/.npmrc Completed in 0ms
10 timing config:load:project Completed in 8ms
11 timing config:load:file:/home/zstreet/.npmrc Completed in 0ms
12 timing config:load:user Completed in 0ms
13 timing config:load:file:/home/zstreet/.npm-global/etc/npmrc Completed in 0ms
14 timing config:load:global Completed in 0ms
15 timing config:load:validate Completed in 1ms
16 timing config:load:credentials Completed in 1ms
17 timing config:load:setEnvs Completed in 0ms
18 timing config:load Completed in 15ms
19 timing npm:load:configload Completed in 16ms
20 timing npm:load:mkdirpcache Completed in 1ms
21 timing npm:load:mkdirplogs Completed in 1ms
22 verbose title npm install dockerfile-language-server-nodejs
23 verbose argv "install" "dockerfile-language-server-nodejs"
24 timing npm:load:setTitle Completed in 0ms
25 timing config:load:flatten Completed in 3ms
26 timing npm:load:display Completed in 3ms
27 verbose logfile logs-max:10 dir:/home/zstreet/.npm/_logs
28 verbose logfile /home/zstreet/.npm/_logs/2022-11-09T14_47_02_987Z-debug-0.log
29 timing npm:load:logFile Completed in 4ms
30 timing npm:load:timers Completed in 0ms
31 timing npm:load:configScope Completed in 0ms
32 timing npm:load Completed in 25ms
33 timing arborist:ctor Completed in 1ms
34 silly logfile start cleaning logs, removing 1 files
35 silly logfile done cleaning log files
36 timing arborist:ctor Completed in 0ms
37 timing idealTree:init Completed in 8ms
38 timing idealTree:userRequests Completed in 1ms
39 silly idealTree buildDeps
40 silly fetch manifest dockerfile-language-server-nodejs@*
41 http fetch GET 200 https://registry.npmjs.org/dockerfile-language-server-nodejs 312ms (cache miss)
42 silly placeDep ROOT dockerfile-language-server-nodejs@0.9.0 OK for: @mason/dockerfile-language-server@1.0.0 want: *
43 silly fetch manifest dockerfile-language-service@0.9.0
44 silly fetch manifest dockerfile-utils@0.10.0
45 silly fetch manifest vscode-languageserver@^8.0.0-next.2
46 http fetch GET 200 https://registry.npmjs.org/vscode-languageserver 143ms (cache updated)
47 http fetch GET 200 https://registry.npmjs.org/dockerfile-language-service 163ms (cache miss)
48 http fetch GET 200 https://registry.npmjs.org/dockerfile-utils 261ms (cache miss)
49 timing idealTree:#root Completed in 584ms
50 silly placeDep node_modules/dockerfile-language-server-nodejs dockerfile-language-service@0.9.0 OK for: dockerfile-language-server-nodejs@0.9.0 want: 0.9.0
51 silly placeDep node_modules/dockerfile-language-server-nodejs dockerfile-utils@0.10.0 OK for: dockerfile-language-server-nodejs@0.9.0 want: 0.10.0
52 silly placeDep node_modules/dockerfile-language-server-nodejs vscode-languageserver@8.0.2 OK for: dockerfile-language-server-nodejs@0.9.0 want: ^8.0.0-next.2
53 silly fetch manifest dockerfile-ast@0.4.2
54 silly fetch manifest vscode-languageserver-types@3.17.0-next.3
55 silly fetch manifest vscode-languageserver-textdocument@^1.0.1
56 silly fetch manifest vscode-languageserver-types@^3.17.0-next.3
57 silly fetch manifest vscode-languageserver-protocol@3.17.2
58 http fetch GET 200 https://registry.npmjs.org/vscode-languageserver-protocol 69ms (cache updated)
59 http fetch GET 200 https://registry.npmjs.org/vscode-languageserver-types 71ms (cache updated)
60 http fetch GET 200 https://registry.npmjs.org/vscode-languageserver-textdocument 102ms (cache updated)
61 http fetch GET 200 https://registry.npmjs.org/vscode-languageserver-types 123ms (cache updated)
62 http fetch GET 200 https://registry.npmjs.org/dockerfile-ast 582ms (cache miss)
63 timing idealTree:node_modules/dockerfile-language-server-nodejs Completed in 593ms
64 silly placeDep node_modules/dockerfile-language-server-nodejs dockerfile-ast@0.4.2 OK for: dockerfile-language-service@0.9.0 want: 0.4.2
65 silly placeDep node_modules/dockerfile-language-server-nodejs vscode-languageserver-types@3.17.0-next.3 OK for: dockerfile-language-service@0.9.0 want: 3.17.0-next.3
66 timing idealTree:node_modules/dockerfile-language-server-nodejs/node_modules/dockerfile-language-service Completed in 7ms
67 silly placeDep node_modules/dockerfile-language-server-nodejs vscode-languageserver-textdocument@1.0.7 OK for: dockerfile-ast@0.4.2 want: ^1.0.1
68 timing idealTree:node_modules/dockerfile-language-server-nodejs/node_modules/dockerfile-ast Completed in 1ms
69 timing idealTree:node_modules/dockerfile-language-server-nodejs/node_modules/dockerfile-utils Completed in 0ms
70 silly placeDep node_modules/dockerfile-language-server-nodejs vscode-languageserver-protocol@3.17.2 OK for: vscode-languageserver@8.0.2 want: 3.17.2
71 silly fetch manifest vscode-jsonrpc@8.0.2
72 silly fetch manifest vscode-languageserver-types@3.17.2
73 http fetch GET 200 https://registry.npmjs.org/vscode-jsonrpc 57ms (cache updated)
74 timing idealTree:node_modules/dockerfile-language-server-nodejs/node_modules/vscode-languageserver Completed in 61ms
75 silly placeDep node_modules/dockerfile-language-server-nodejs vscode-jsonrpc@8.0.2 OK for: vscode-languageserver-protocol@3.17.2 want: 8.0.2
76 silly placeDep node_modules/dockerfile-language-server-nodejs/node_modules/vscode-languageserver-protocol vscode-languageserver-types@3.17.2 OK for: vscode-languageserver-protocol@3.17.2 want: 3.17.2
77 timing idealTree:node_modules/dockerfile-language-server-nodejs/node_modules/vscode-languageserver-protocol Completed in 4ms
78 timing idealTree:node_modules/dockerfile-language-server-nodejs/node_modules/vscode-jsonrpc Completed in 0ms
79 timing idealTree:node_modules/dockerfile-language-server-nodejs/node_modules/vscode-languageserver-textdocument Completed in 0ms
80 timing idealTree:node_modules/dockerfile-language-server-nodejs/node_modules/vscode-languageserver-types Completed in 0ms
81 timing idealTree:node_modules/dockerfile-language-server-nodejs/node_modules/vscode-languageserver-protocol/node_modules/vscode-languageserver-types Completed in 0ms
82 timing idealTree:buildDeps Completed in 1252ms
83 timing idealTree:fixDepFlags Completed in 0ms
84 timing idealTree Completed in 1264ms
85 timing reify:loadTrees Completed in 1264ms
86 timing reify:diffTrees Completed in 1ms
87 silly reify moves {}
88 timing reify:retireShallow Completed in 1ms
89 timing reify:createSparse Completed in 3ms
90 timing reify:loadBundles Completed in 0ms
91 silly audit bulk request {
91 silly audit   'dockerfile-language-server-nodejs': [ '0.9.0' ],
91 silly audit   'dockerfile-language-service': [ '0.9.0' ],
91 silly audit   'dockerfile-utils': [ '0.10.0' ],
91 silly audit   'vscode-languageserver': [ '8.0.2' ],
91 silly audit   'dockerfile-ast': [ '0.4.2' ],
91 silly audit   'vscode-languageserver-types': [ '3.17.0-next.3', '3.17.2' ],
91 silly audit   'vscode-languageserver-textdocument': [ '1.0.7' ],
91 silly audit   'vscode-languageserver-protocol': [ '3.17.2' ],
91 silly audit   'vscode-jsonrpc': [ '8.0.2' ]
91 silly audit }
92 silly tarball no local data for dockerfile-language-server-nodejs@https://registry.npmjs.org/dockerfile-language-server-nodejs/-/dockerfile-language-server-nodejs-0.9.0.tgz. Extracting by manifest.
93 silly tarball no local data for vscode-languageserver-types@https://registry.npmjs.org/vscode-languageserver-types/-/vscode-languageserver-types-3.17.0-next.3.tgz. Extracting by manifest.
94 silly tarball no local data for dockerfile-ast@https://registry.npmjs.org/dockerfile-ast/-/dockerfile-ast-0.4.2.tgz. Extracting by manifest.
95 silly tarball no local data for dockerfile-utils@https://registry.npmjs.org/dockerfile-utils/-/dockerfile-utils-0.10.0.tgz. Extracting by manifest.
96 silly tarball no local data for dockerfile-language-service@https://registry.npmjs.org/dockerfile-language-service/-/dockerfile-language-service-0.9.0.tgz. Extracting by manifest.
97 timing reifyNode:node_modules/dockerfile-language-server-nodejs/node_modules/vscode-languageserver-textdocument Completed in 43ms
98 timing reifyNode:node_modules/dockerfile-language-server-nodejs/node_modules/vscode-languageserver-protocol/node_modules/vscode-languageserver-types Completed in 48ms
99 timing reifyNode:node_modules/dockerfile-language-server-nodejs/node_modules/vscode-jsonrpc Completed in 57ms
100 timing reifyNode:node_modules/dockerfile-language-server-nodejs/node_modules/vscode-languageserver Completed in 56ms
101 timing reifyNode:node_modules/dockerfile-language-server-nodejs/node_modules/vscode-languageserver-protocol Completed in 63ms
102 http fetch GET 200 https://registry.npmjs.org/dockerfile-language-server-nodejs/-/dockerfile-language-server-nodejs-0.9.0.tgz 56ms (cache miss)
103 timing reifyNode:node_modules/dockerfile-language-server-nodejs Completed in 65ms
104 http fetch GET 200 https://registry.npmjs.org/dockerfile-utils/-/dockerfile-utils-0.10.0.tgz 93ms (cache miss)
105 timing reifyNode:node_modules/dockerfile-language-server-nodejs/node_modules/dockerfile-utils Completed in 105ms
106 http fetch GET 200 https://registry.npmjs.org/vscode-languageserver-types/-/vscode-languageserver-types-3.17.0-next.3.tgz 101ms (cache miss)
107 timing reifyNode:node_modules/dockerfile-language-server-nodejs/node_modules/vscode-languageserver-types Completed in 110ms
108 http fetch GET 200 https://registry.npmjs.org/dockerfile-ast/-/dockerfile-ast-0.4.2.tgz 104ms (cache miss)
109 timing reifyNode:node_modules/dockerfile-language-server-nodejs/node_modules/dockerfile-ast Completed in 114ms
110 http fetch POST 200 https://registry.npmjs.org/-/npm/v1/security/advisories/bulk 136ms
111 timing auditReport:getReport Completed in 137ms
112 silly audit report {}
113 timing auditReport:init Completed in 0ms
114 timing reify:audit Completed in 139ms
115 http fetch GET 200 https://registry.npmjs.org/dockerfile-language-service/-/dockerfile-language-service-0.9.0.tgz 167ms (cache miss)
116 timing reifyNode:node_modules/dockerfile-language-server-nodejs/node_modules/dockerfile-language-service Completed in 179ms
117 timing reify:unpack Completed in 180ms
118 timing reify:unretire Completed in 0ms
119 timing build:queue Completed in 1ms
120 timing build:link:node_modules/dockerfile-language-server-nodejs Completed in 2ms
121 timing build:link:node_modules/dockerfile-language-server-nodejs/node_modules/dockerfile-utils Completed in 1ms
122 timing build:link:node_modules/dockerfile-language-server-nodejs/node_modules/vscode-languageserver Completed in 1ms
123 timing build:link Completed in 2ms
124 timing build:deps Completed in 3ms
125 timing build Completed in 4ms
126 timing reify:build Completed in 4ms
127 timing reify:trash Completed in 0ms
128 timing reify:save Completed in 6ms
129 timing reify Completed in 1469ms
130 silly ADD node_modules/dockerfile-language-server-nodejs
131 silly ADD node_modules/dockerfile-language-server-nodejs/node_modules/vscode-jsonrpc
132 silly ADD node_modules/dockerfile-language-server-nodejs/node_modules/vscode-languageserver-protocol
133 silly ADD node_modules/dockerfile-language-server-nodejs/node_modules/vscode-languageserver-protocol/node_modules/vscode-languageserver-types
134 silly ADD node_modules/dockerfile-language-server-nodejs/node_modules/vscode-languageserver-textdocument
135 silly ADD node_modules/dockerfile-language-server-nodejs/node_modules/vscode-languageserver-types
136 silly ADD node_modules/dockerfile-language-server-nodejs/node_modules/dockerfile-ast
137 silly ADD node_modules/dockerfile-language-server-nodejs/node_modules/vscode-languageserver
138 silly ADD node_modules/dockerfile-language-server-nodejs/node_modules/dockerfile-utils
139 silly ADD node_modules/dockerfile-language-server-nodejs/node_modules/dockerfile-language-service
140 timing command:install Completed in 1472ms
141 verbose exit 0
142 timing npm Completed in 1577ms
143 info ok
