0 verbose cli /usr/bin/node /usr/bin/npm
1 info using npm@8.18.0
2 info using node@v18.8.0
3 timing npm:load:whichnode Completed in 0ms
4 timing config:load:defaults Completed in 1ms
5 timing config:load:file:/usr/lib/node_modules/npm/npmrc Completed in 0ms
6 timing config:load:builtin Completed in 0ms
7 timing config:load:cli Completed in 2ms
8 timing config:load:env Completed in 0ms
9 timing config:load:file:/home/zstreet/.local/share/nvim/mason/.packages/yaml-language-server/.npmrc Completed in 0ms
10 timing config:load:project Completed in 5ms
11 timing config:load:file:/home/zstreet/.npmrc Completed in 0ms
12 timing config:load:user Completed in 1ms
13 timing config:load:file:/home/zstreet/.npm-global/etc/npmrc Completed in 0ms
14 timing config:load:global Completed in 1ms
15 timing config:load:validate Completed in 0ms
16 timing config:load:credentials Completed in 1ms
17 timing config:load:setEnvs Completed in 0ms
18 timing config:load Completed in 11ms
19 timing npm:load:configload Completed in 12ms
20 timing npm:load:mkdirpcache Completed in 2ms
21 timing npm:load:mkdirplogs Completed in 0ms
22 verbose title npm install yaml-language-server
23 verbose argv "install" "yaml-language-server"
24 timing npm:load:setTitle Completed in 1ms
25 timing config:load:flatten Completed in 2ms
26 timing npm:load:display Completed in 2ms
27 verbose logfile logs-max:10 dir:/home/zstreet/.npm/_logs
28 verbose logfile /home/zstreet/.npm/_logs/2022-10-29T17_15_10_833Z-debug-0.log
29 timing npm:load:logFile Completed in 4ms
30 timing npm:load:timers Completed in 0ms
31 timing npm:load:configScope Completed in 0ms
32 timing npm:load Completed in 23ms
33 timing arborist:ctor Completed in 1ms
34 silly logfile start cleaning logs, removing 1 files
35 silly logfile done cleaning log files
36 timing arborist:ctor Completed in 0ms
37 timing idealTree:init Completed in 7ms
38 timing idealTree:userRequests Completed in 1ms
39 silly idealTree buildDeps
40 silly fetch manifest yaml-language-server@*
41 http fetch GET 200 https://registry.npmjs.org/yaml-language-server 311ms (cache updated)
42 silly placeDep ROOT yaml-language-server@1.10.0 OK for: @mason/yaml-language-server@1.0.0 want: *
43 silly fetch manifest ajv@^8.11.0
44 silly fetch manifest request-light@^0.5.7
45 silly fetch manifest vscode-json-languageservice@4.1.8
46 silly fetch manifest vscode-languageserver@^7.0.0
47 silly fetch manifest vscode-languageserver-textdocument@^1.0.1
48 silly fetch manifest vscode-languageserver-types@^3.16.0
49 silly fetch manifest vscode-nls@^5.0.0
50 silly fetch manifest vscode-uri@^3.0.2
51 silly fetch manifest yaml@2.0.0-11
52 silly fetch manifest prettier@2.0.5
53 http fetch GET 200 https://registry.npmjs.org/vscode-languageserver-textdocument 23ms (cache hit)
54 http fetch GET 200 https://registry.npmjs.org/request-light 25ms (cache hit)
55 http fetch GET 200 https://registry.npmjs.org/vscode-uri 23ms (cache hit)
56 http fetch GET 200 https://registry.npmjs.org/vscode-nls 24ms (cache hit)
57 http fetch GET 200 https://registry.npmjs.org/vscode-languageserver 28ms (cache hit)
58 http fetch GET 200 https://registry.npmjs.org/vscode-json-languageservice 33ms (cache hit)
59 http fetch GET 200 https://registry.npmjs.org/vscode-languageserver-types 33ms (cache hit)
60 http fetch GET 200 https://registry.npmjs.org/prettier 56ms (cache updated)
61 http fetch GET 200 https://registry.npmjs.org/ajv 106ms (cache revalidated)
62 http fetch GET 200 https://registry.npmjs.org/yaml 126ms (cache updated)
63 timing idealTree:#root Completed in 461ms
64 silly placeDep node_modules/yaml-language-server ajv@8.11.0 OK for: yaml-language-server@1.10.0 want: ^8.11.0
65 silly placeDep node_modules/yaml-language-server prettier@2.0.5 OK for: yaml-language-server@1.10.0 want: 2.0.5
66 silly placeDep node_modules/yaml-language-server request-light@0.5.8 OK for: yaml-language-server@1.10.0 want: ^0.5.7
67 silly placeDep node_modules/yaml-language-server vscode-json-languageservice@4.1.8 OK for: yaml-language-server@1.10.0 want: 4.1.8
68 silly placeDep node_modules/yaml-language-server vscode-languageserver@7.0.0 OK for: yaml-language-server@1.10.0 want: ^7.0.0
69 silly placeDep node_modules/yaml-language-server vscode-languageserver-textdocument@1.0.7 OK for: yaml-language-server@1.10.0 want: ^1.0.1
70 silly placeDep node_modules/yaml-language-server vscode-languageserver-types@3.17.2 OK for: yaml-language-server@1.10.0 want: ^3.16.0
71 silly placeDep node_modules/yaml-language-server vscode-nls@5.2.0 OK for: yaml-language-server@1.10.0 want: ^5.0.0
72 silly placeDep node_modules/yaml-language-server vscode-uri@3.0.6 OK for: yaml-language-server@1.10.0 want: ^3.0.2
73 silly placeDep node_modules/yaml-language-server yaml@2.0.0-11 OK for: yaml-language-server@1.10.0 want: 2.0.0-11
74 silly fetch manifest fast-deep-equal@^3.1.1
75 silly fetch manifest json-schema-traverse@^1.0.0
76 silly fetch manifest require-from-string@^2.0.2
77 silly fetch manifest uri-js@^4.2.2
78 silly fetch manifest jsonc-parser@^3.0.0
79 silly fetch manifest vscode-languageserver-protocol@3.16.0
80 http fetch GET 200 https://registry.npmjs.org/jsonc-parser 11ms (cache hit)
81 http fetch GET 200 https://registry.npmjs.org/vscode-languageserver-protocol 11ms (cache hit)
82 http fetch GET 200 https://registry.npmjs.org/json-schema-traverse 45ms (cache revalidated)
83 http fetch GET 200 https://registry.npmjs.org/require-from-string 62ms (cache revalidated)
84 http fetch GET 200 https://registry.npmjs.org/uri-js 90ms (cache revalidated)
85 http fetch GET 200 https://registry.npmjs.org/fast-deep-equal 105ms (cache revalidated)
86 timing idealTree:node_modules/yaml-language-server Completed in 124ms
87 silly placeDep node_modules/yaml-language-server fast-deep-equal@3.1.3 OK for: ajv@8.11.0 want: ^3.1.1
88 silly placeDep node_modules/yaml-language-server json-schema-traverse@1.0.0 OK for: ajv@8.11.0 want: ^1.0.0
89 silly placeDep node_modules/yaml-language-server require-from-string@2.0.2 OK for: ajv@8.11.0 want: ^2.0.2
90 silly placeDep node_modules/yaml-language-server uri-js@4.4.1 OK for: ajv@8.11.0 want: ^4.2.2
91 silly fetch manifest punycode@^2.1.0
92 http fetch GET 200 https://registry.npmjs.org/punycode 43ms (cache revalidated)
93 timing idealTree:node_modules/yaml-language-server/node_modules/ajv Completed in 50ms
94 timing idealTree:node_modules/yaml-language-server/node_modules/fast-deep-equal Completed in 0ms
95 timing idealTree:node_modules/yaml-language-server/node_modules/json-schema-traverse Completed in 0ms
96 timing idealTree:node_modules/yaml-language-server/node_modules/prettier Completed in 0ms
97 timing idealTree:node_modules/yaml-language-server/node_modules/request-light Completed in 0ms
98 timing idealTree:node_modules/yaml-language-server/node_modules/require-from-string Completed in 0ms
99 silly placeDep node_modules/yaml-language-server punycode@2.1.1 OK for: uri-js@4.4.1 want: ^2.1.0
100 timing idealTree:node_modules/yaml-language-server/node_modules/uri-js Completed in 2ms
101 timing idealTree:node_modules/yaml-language-server/node_modules/punycode Completed in 0ms
102 silly placeDep node_modules/yaml-language-server jsonc-parser@3.2.0 OK for: vscode-json-languageservice@4.1.8 want: ^3.0.0
103 timing idealTree:node_modules/yaml-language-server/node_modules/vscode-json-languageservice Completed in 2ms
104 timing idealTree:node_modules/yaml-language-server/node_modules/jsonc-parser Completed in 0ms
105 silly placeDep node_modules/yaml-language-server vscode-languageserver-protocol@3.16.0 OK for: vscode-languageserver@7.0.0 want: 3.16.0
106 silly fetch manifest vscode-jsonrpc@6.0.0
107 silly fetch manifest vscode-languageserver-types@3.16.0
108 http fetch GET 200 https://registry.npmjs.org/vscode-jsonrpc 3ms (cache hit)
109 timing idealTree:node_modules/yaml-language-server/node_modules/vscode-languageserver Completed in 5ms
110 silly placeDep node_modules/yaml-language-server vscode-jsonrpc@6.0.0 OK for: vscode-languageserver-protocol@3.16.0 want: 6.0.0
111 silly placeDep node_modules/yaml-language-server/node_modules/vscode-languageserver-protocol vscode-languageserver-types@3.16.0 OK for: vscode-languageserver-protocol@3.16.0 want: 3.16.0
112 timing idealTree:node_modules/yaml-language-server/node_modules/vscode-languageserver-protocol Completed in 2ms
113 timing idealTree:node_modules/yaml-language-server/node_modules/vscode-jsonrpc Completed in 1ms
114 timing idealTree:node_modules/yaml-language-server/node_modules/vscode-languageserver-textdocument Completed in 0ms
115 timing idealTree:node_modules/yaml-language-server/node_modules/vscode-languageserver-types Completed in 0ms
116 timing idealTree:node_modules/yaml-language-server/node_modules/vscode-nls Completed in 0ms
117 timing idealTree:node_modules/yaml-language-server/node_modules/vscode-uri Completed in 0ms
118 timing idealTree:node_modules/yaml-language-server/node_modules/yaml Completed in 0ms
119 timing idealTree:node_modules/yaml-language-server/node_modules/vscode-languageserver-protocol/node_modules/vscode-languageserver-types Completed in 0ms
120 timing idealTree:buildDeps Completed in 648ms
121 timing idealTree:fixDepFlags Completed in 0ms
122 timing idealTree Completed in 659ms
123 timing reify:loadTrees Completed in 659ms
124 timing reify:diffTrees Completed in 1ms
125 silly reify moves {}
126 timing reify:retireShallow Completed in 1ms
127 timing reify:createSparse Completed in 4ms
128 timing reify:loadBundles Completed in 0ms
129 silly audit bulk request {
129 silly audit   'yaml-language-server': [ '1.10.0' ],
129 silly audit   ajv: [ '8.11.0' ],
129 silly audit   prettier: [ '2.0.5' ],
129 silly audit   'request-light': [ '0.5.8' ],
129 silly audit   'vscode-json-languageservice': [ '4.1.8' ],
129 silly audit   'vscode-languageserver': [ '7.0.0' ],
129 silly audit   'vscode-languageserver-textdocument': [ '1.0.7' ],
129 silly audit   'vscode-languageserver-types': [ '3.17.2', '3.16.0' ],
129 silly audit   'vscode-nls': [ '5.2.0' ],
129 silly audit   'vscode-uri': [ '3.0.6' ],
129 silly audit   yaml: [ '2.0.0-11' ],
129 silly audit   'fast-deep-equal': [ '3.1.3' ],
129 silly audit   'json-schema-traverse': [ '1.0.0' ],
129 silly audit   'require-from-string': [ '2.0.2' ],
129 silly audit   'uri-js': [ '4.4.1' ],
129 silly audit   punycode: [ '2.1.1' ],
129 silly audit   'jsonc-parser': [ '3.2.0' ],
129 silly audit   'vscode-languageserver-protocol': [ '3.16.0' ],
129 silly audit   'vscode-jsonrpc': [ '6.0.0' ]
129 silly audit }
130 silly tarball no local data for yaml-language-server@https://registry.npmjs.org/yaml-language-server/-/yaml-language-server-1.10.0.tgz. Extracting by manifest.
131 timing reifyNode:node_modules/yaml-language-server/node_modules/require-from-string Completed in 122ms
132 http fetch POST 200 https://registry.npmjs.org/-/npm/v1/security/advisories/bulk 128ms
133 timing auditReport:getReport Completed in 130ms
134 silly audit report {}
135 timing auditReport:init Completed in 0ms
136 timing reify:audit Completed in 130ms
137 timing reifyNode:node_modules/yaml-language-server/node_modules/punycode Completed in 127ms
138 timing reifyNode:node_modules/yaml-language-server/node_modules/fast-deep-equal Completed in 132ms
139 timing reifyNode:node_modules/yaml-language-server/node_modules/request-light Completed in 133ms
140 timing reifyNode:node_modules/yaml-language-server/node_modules/vscode-languageserver-textdocument Completed in 135ms
141 timing reifyNode:node_modules/yaml-language-server/node_modules/json-schema-traverse Completed in 137ms
142 timing reifyNode:node_modules/yaml-language-server/node_modules/vscode-languageserver-protocol/node_modules/vscode-languageserver-types Completed in 145ms
143 timing reifyNode:node_modules/yaml-language-server/node_modules/vscode-uri Completed in 147ms
144 timing reifyNode:node_modules/yaml-language-server/node_modules/vscode-languageserver-types Completed in 147ms
145 timing reifyNode:node_modules/yaml-language-server/node_modules/jsonc-parser Completed in 160ms
146 timing reifyNode:node_modules/yaml-language-server/node_modules/vscode-nls Completed in 160ms
147 timing reifyNode:node_modules/yaml-language-server/node_modules/vscode-jsonrpc Completed in 164ms
148 timing reifyNode:node_modules/yaml-language-server/node_modules/vscode-languageserver Completed in 166ms
149 timing reifyNode:node_modules/yaml-language-server/node_modules/vscode-languageserver-protocol Completed in 174ms
150 timing reifyNode:node_modules/yaml-language-server/node_modules/uri-js Completed in 175ms
151 timing reifyNode:node_modules/yaml-language-server/node_modules/vscode-json-languageservice Completed in 186ms
152 timing reifyNode:node_modules/yaml-language-server/node_modules/yaml Completed in 252ms
153 timing reifyNode:node_modules/yaml-language-server/node_modules/ajv Completed in 303ms
154 timing reifyNode:node_modules/yaml-language-server/node_modules/prettier Completed in 307ms
155 http fetch GET 200 https://registry.npmjs.org/yaml-language-server/-/yaml-language-server-1.10.0.tgz 336ms (cache miss)
156 timing reifyNode:node_modules/yaml-language-server Completed in 347ms
157 timing reify:unpack Completed in 348ms
158 timing reify:unretire Completed in 0ms
159 timing build:queue Completed in 1ms
160 timing build:link:node_modules/yaml-language-server Completed in 2ms
161 timing build:link:node_modules/yaml-language-server/node_modules/prettier Completed in 1ms
162 timing build:link:node_modules/yaml-language-server/node_modules/vscode-languageserver Completed in 1ms
163 timing build:link Completed in 2ms
164 timing build:deps Completed in 3ms
165 timing build Completed in 3ms
166 timing reify:build Completed in 3ms
167 timing reify:trash Completed in 0ms
168 timing reify:save Completed in 7ms
169 timing reify Completed in 1033ms
170 silly ADD node_modules/yaml-language-server
171 silly ADD node_modules/yaml-language-server/node_modules/vscode-jsonrpc
172 silly ADD node_modules/yaml-language-server/node_modules/vscode-languageserver-protocol
173 silly ADD node_modules/yaml-language-server/node_modules/vscode-languageserver-protocol/node_modules/vscode-languageserver-types
174 silly ADD node_modules/yaml-language-server/node_modules/jsonc-parser
175 silly ADD node_modules/yaml-language-server/node_modules/punycode
176 silly ADD node_modules/yaml-language-server/node_modules/uri-js
177 silly ADD node_modules/yaml-language-server/node_modules/require-from-string
178 silly ADD node_modules/yaml-language-server/node_modules/json-schema-traverse
179 silly ADD node_modules/yaml-language-server/node_modules/fast-deep-equal
180 silly ADD node_modules/yaml-language-server/node_modules/yaml
181 silly ADD node_modules/yaml-language-server/node_modules/vscode-uri
182 silly ADD node_modules/yaml-language-server/node_modules/vscode-nls
183 silly ADD node_modules/yaml-language-server/node_modules/vscode-languageserver-types
184 silly ADD node_modules/yaml-language-server/node_modules/vscode-languageserver-textdocument
185 silly ADD node_modules/yaml-language-server/node_modules/vscode-languageserver
186 silly ADD node_modules/yaml-language-server/node_modules/vscode-json-languageservice
187 silly ADD node_modules/yaml-language-server/node_modules/request-light
188 silly ADD node_modules/yaml-language-server/node_modules/prettier
189 silly ADD node_modules/yaml-language-server/node_modules/ajv
190 timing command:install Completed in 1037ms
191 verbose exit 0
192 timing npm Completed in 1138ms
193 info ok
